2024-11-30T13:45:38,936|#|INFO|#|16688|#|main|#|com.taibiex.stakingservice.TaibiexStalingServiceApplication.logStarting:50|#|Starting TaibiexStalingServiceApplication using Java 17.0.5 with PID 16688 (D:\wangyi\code\code\_TaiBi链项目\taibiex-staking-service\target\classes started by Administrator in D:\wangyi\code\code\_TaiBi链项目\taibiex-staking-service)
2024-11-30T13:45:38,949|#|INFO|#|16688|#|main|#|com.taibiex.stakingservice.TaibiexStalingServiceApplication.logStartupProfileInfo:660|#|The following 1 profile is active: "dev"
2024-11-30T13:45:39,518|#|INFO|#|16688|#|main|#|org.springframework.data.repository.config.RepositoryConfigurationDelegate.multipleStoresDetected:295|#|Multiple Spring Data modules found, entering strict repository configuration mode
2024-11-30T13:45:39,520|#|INFO|#|16688|#|main|#|org.springframework.data.repository.config.RepositoryConfigurationDelegate.registerRepositoriesIn:143|#|Bootstrapping Spring Data JPA repositories in DEFAULT mode.
2024-11-30T13:45:39,644|#|INFO|#|16688|#|main|#|org.springframework.data.repository.config.RepositoryConfigurationDelegate.registerRepositoriesIn:211|#|Finished Spring Data repository scanning in 118 ms. Found 6 JPA repository interfaces.
2024-11-30T13:45:39,656|#|INFO|#|16688|#|main|#|org.springframework.data.repository.config.RepositoryConfigurationDelegate.multipleStoresDetected:295|#|Multiple Spring Data modules found, entering strict repository configuration mode
2024-11-30T13:45:39,657|#|INFO|#|16688|#|main|#|org.springframework.data.repository.config.RepositoryConfigurationDelegate.registerRepositoriesIn:143|#|Bootstrapping Spring Data Redis repositories in DEFAULT mode.
2024-11-30T13:45:39,670|#|INFO|#|16688|#|main|#|org.springframework.data.repository.config.RepositoryConfigurationExtensionSupport.isStrictRepositoryCandidate:320|#|Spring Data Redis - Could not safely identify store assignment for repository candidate interface com.taibiex.stakingservice.repository.BurnAndDecreaseLiquidityRepository; If you want this repository to be a Redis repository, consider annotating your entities with one of these annotations: org.springframework.data.redis.core.RedisHash (preferred), or consider extending one of the following types with your repository: org.springframework.data.keyvalue.repository.KeyValueRepository
2024-11-30T13:45:39,670|#|INFO|#|16688|#|main|#|org.springframework.data.repository.config.RepositoryConfigurationExtensionSupport.isStrictRepositoryCandidate:320|#|Spring Data Redis - Could not safely identify store assignment for repository candidate interface com.taibiex.stakingservice.repository.ContractOffsetRepository; If you want this repository to be a Redis repository, consider annotating your entities with one of these annotations: org.springframework.data.redis.core.RedisHash (preferred), or consider extending one of the following types with your repository: org.springframework.data.keyvalue.repository.KeyValueRepository
2024-11-30T13:45:39,670|#|INFO|#|16688|#|main|#|org.springframework.data.repository.config.RepositoryConfigurationExtensionSupport.isStrictRepositoryCandidate:320|#|Spring Data Redis - Could not safely identify store assignment for repository candidate interface com.taibiex.stakingservice.repository.MintAndIncreaseLiquidityRepository; If you want this repository to be a Redis repository, consider annotating your entities with one of these annotations: org.springframework.data.redis.core.RedisHash (preferred), or consider extending one of the following types with your repository: org.springframework.data.keyvalue.repository.KeyValueRepository
2024-11-30T13:45:39,670|#|INFO|#|16688|#|main|#|org.springframework.data.repository.config.RepositoryConfigurationExtensionSupport.isStrictRepositoryCandidate:320|#|Spring Data Redis - Could not safely identify store assignment for repository candidate interface com.taibiex.stakingservice.repository.PoolCreatedRepository; If you want this repository to be a Redis repository, consider annotating your entities with one of these annotations: org.springframework.data.redis.core.RedisHash (preferred), or consider extending one of the following types with your repository: org.springframework.data.keyvalue.repository.KeyValueRepository
2024-11-30T13:45:39,672|#|INFO|#|16688|#|main|#|org.springframework.data.repository.config.RepositoryConfigurationExtensionSupport.isStrictRepositoryCandidate:320|#|Spring Data Redis - Could not safely identify store assignment for repository candidate interface com.taibiex.stakingservice.repository.RewardPoolRepository; If you want this repository to be a Redis repository, consider annotating your entities with one of these annotations: org.springframework.data.redis.core.RedisHash (preferred), or consider extending one of the following types with your repository: org.springframework.data.keyvalue.repository.KeyValueRepository
2024-11-30T13:45:39,672|#|INFO|#|16688|#|main|#|org.springframework.data.repository.config.RepositoryConfigurationExtensionSupport.isStrictRepositoryCandidate:320|#|Spring Data Redis - Could not safely identify store assignment for repository candidate interface com.taibiex.stakingservice.repository.SwapRepository; If you want this repository to be a Redis repository, consider annotating your entities with one of these annotations: org.springframework.data.redis.core.RedisHash (preferred), or consider extending one of the following types with your repository: org.springframework.data.keyvalue.repository.KeyValueRepository
2024-11-30T13:45:39,672|#|INFO|#|16688|#|main|#|org.springframework.data.repository.config.RepositoryConfigurationDelegate.registerRepositoriesIn:211|#|Finished Spring Data repository scanning in 8 ms. Found 0 Redis repository interfaces.
2024-11-30T13:45:40,101|#|INFO|#|16688|#|main|#|org.springframework.boot.web.embedded.tomcat.TomcatWebServer.initialize:111|#|Tomcat initialized with port 8092 (http)
2024-11-30T13:45:40,110|#|INFO|#|16688|#|main|#|org.apache.coyote.http11.Http11NioProtocol.log:173|#|Initializing ProtocolHandler ["http-nio-8092"]
2024-11-30T13:45:40,111|#|INFO|#|16688|#|main|#|org.apache.catalina.core.StandardService.log:173|#|Starting service [Tomcat]
2024-11-30T13:45:40,112|#|INFO|#|16688|#|main|#|org.apache.catalina.core.StandardEngine.log:173|#|Starting Servlet engine: [Apache Tomcat/10.1.26]
2024-11-30T13:45:40,166|#|INFO|#|16688|#|main|#|org.apache.catalina.core.ContainerBase.[Tomcat].[localhost].[/].log:173|#|Initializing Spring embedded WebApplicationContext
2024-11-30T13:45:40,166|#|INFO|#|16688|#|main|#|org.springframework.boot.web.servlet.context.ServletWebServerApplicationContext.prepareWebApplicationContext:296|#|Root WebApplicationContext: initialization completed in 1177 ms
2024-11-30T13:45:40,278|#|INFO|#|16688|#|main|#|org.hibernate.jpa.internal.util.LogHelper.logPersistenceUnitInformation:31|#|HHH000204: Processing PersistenceUnitInfo [name: default]
2024-11-30T13:45:40,331|#|INFO|#|16688|#|main|#|org.hibernate.Version.logVersion:44|#|HHH000412: Hibernate ORM core version 6.5.2.Final
2024-11-30T13:45:40,362|#|INFO|#|16688|#|main|#|org.hibernate.cache.internal.RegionFactoryInitiator.initiateService:50|#|HHH000026: Second-level cache disabled
2024-11-30T13:45:40,598|#|INFO|#|16688|#|main|#|org.springframework.orm.jpa.persistenceunit.SpringPersistenceUnitInfo.addTransformer:87|#|No LoadTimeWeaver setup: ignoring JPA class transformer
2024-11-30T13:45:40,621|#|INFO|#|16688|#|main|#|com.zaxxer.hikari.HikariDataSource.getConnection:109|#|XCarHikariCP - Starting...
2024-11-30T13:45:40,735|#|INFO|#|16688|#|main|#|com.zaxxer.hikari.pool.HikariPool.checkFailFast:554|#|XCarHikariCP - Added connection com.mysql.cj.jdbc.ConnectionImpl@4205d5d0
2024-11-30T13:45:40,737|#|INFO|#|16688|#|main|#|com.zaxxer.hikari.HikariDataSource.getConnection:122|#|XCarHikariCP - Start completed.
2024-11-30T13:45:41,501|#|INFO|#|16688|#|main|#|org.hibernate.engine.transaction.jta.platform.internal.JtaPlatformInitiator.initiateService:59|#|HHH000489: No JTA platform available (set 'hibernate.transaction.jta.platform' to enable JTA platform integration)
2024-11-30T13:45:41,622|#|INFO|#|16688|#|main|#|org.springframework.orm.jpa.LocalContainerEntityManagerFactoryBean.buildNativeEntityManagerFactory:437|#|Initialized JPA EntityManagerFactory for persistence unit 'default'
2024-11-30T13:45:42,219|#|INFO|#|16688|#|main|#|com.taibiex.stakingservice.common.chain.contract.utils.Web3jUtils.getKeystoreContent:100|#|The current runtime environment：dev
2024-11-30T13:45:43,413|#|INFO|#|16688|#|main|#|org.springframework.data.jpa.repository.query.QueryEnhancerFactory.<clinit>:49|#|Hibernate is in classpath; If applicable, HQL parser will be used.
2024-11-30T13:45:44,228|#|INFO|#|16688|#|main|#|org.apache.coyote.http11.Http11NioProtocol.log:173|#|Starting ProtocolHandler ["http-nio-8092"]
2024-11-30T13:45:44,246|#|INFO|#|16688|#|main|#|org.springframework.boot.web.embedded.tomcat.TomcatWebServer.start:243|#|Tomcat started on port 8092 (http) with context path '/'
2024-11-30T13:45:44,257|#|INFO|#|16688|#|main|#|com.taibiex.stakingservice.TaibiexStalingServiceApplication.logStarted:56|#|Started TaibiexStalingServiceApplication in 5.607 seconds (process running for 6.423)
2024-11-30T13:45:48,013|#|INFO|#|16688|#|task-1|#|com.taibiex.stakingservice.common.chain.contract.task.listener.TasksListener.scanBlockEventDelay15:76|#|开始执行 Delay15区块链事件扫描任务
2024-11-30T13:45:48,013|#|INFO|#|16688|#|task-1|#|com.taibiex.stakingservice.common.chain.contract.listener.impl.BlockEventListener.start:75|#|Delay15_BlockEventListener start
2024-11-30T13:45:48,014|#|INFO|#|16688|#|task-2|#|com.taibiex.stakingservice.common.chain.contract.task.listener.TasksListener.scanBlockEvent:51|#|开始执行 区块链事件扫描任务
2024-11-30T13:45:48,014|#|INFO|#|16688|#|task-2|#|com.taibiex.stakingservice.common.chain.contract.listener.impl.BlockEventListener.start:75|#|Delay0_BlockEventListener start
2024-11-30T13:45:48,058|#|INFO|#|16688|#|task-1|#|com.taibiex.stakingservice.common.chain.contract.listener.impl.BlockEventListener.blocksEventScanner:183|#|Delay15_scan all nft albums run() selectMonitorState : 551
2024-11-30T13:45:48,058|#|INFO|#|16688|#|task-2|#|com.taibiex.stakingservice.common.chain.contract.listener.impl.BlockEventListener.blocksEventScanner:183|#|Delay0_scan all nft albums run() selectMonitorState : 711
2024-11-30T13:45:49,775|#|INFO|#|16688|#|task-1|#|com.taibiex.stakingservice.common.chain.contract.utils.Web3jUtils.getBlockNumber:129|#| getBlockNumber the current block number is 1511593
2024-11-30T13:45:49,775|#|INFO|#|16688|#|task-2|#|com.taibiex.stakingservice.common.chain.contract.utils.Web3jUtils.getBlockNumber:129|#| getBlockNumber the current block number is 1511608
2024-11-30T13:45:49,776|#|INFO|#|16688|#|task-2|#|com.taibiex.stakingservice.common.chain.contract.listener.impl.BlockEventListener.blocksEventScanner:194|#|Delay0_blocksEventScanner run -------------------
2024-11-30T13:45:49,776|#|INFO|#|16688|#|task-1|#|com.taibiex.stakingservice.common.chain.contract.listener.impl.BlockEventListener.blocksEventScanner:194|#|Delay15_blocksEventScanner run -------------------
2024-11-30T13:45:49,776|#|INFO|#|16688|#|task-2|#|com.taibiex.stakingservice.common.chain.contract.listener.impl.BlockEventListener.blocksEventScanner:202|#|Delay0_blocksEventScanner run block [711,721] 
2024-11-30T13:45:49,776|#|INFO|#|16688|#|task-1|#|com.taibiex.stakingservice.common.chain.contract.listener.impl.BlockEventListener.blocksEventScanner:202|#|Delay15_blocksEventScanner run block [551,561] 
2024-11-30T13:45:50,008|#|INFO|#|16688|#|task-3|#|com.taibiex.stakingservice.common.chain.contract.task.listener.TasksListener.scanBlockEventDelay100:101|#|开始执行 Delay100 区块链事件扫描任务
2024-11-30T13:45:50,009|#|INFO|#|16688|#|task-3|#|com.taibiex.stakingservice.common.chain.contract.listener.impl.BlockEventListener.start:75|#|Delay100_BlockEventListener start
2024-11-30T13:45:50,011|#|INFO|#|16688|#|task-3|#|com.taibiex.stakingservice.common.chain.contract.listener.impl.BlockEventListener.blocksEventScanner:183|#|Delay100_scan all nft albums run() selectMonitorState : 541
2024-11-30T13:45:50,053|#|INFO|#|16688|#|task-2|#|com.taibiex.stakingservice.common.chain.contract.listener.impl.BlockEventListener.filterEvents:228|#|Delay0_filterEvents size: 0
2024-11-30T13:45:50,053|#|INFO|#|16688|#|task-1|#|com.taibiex.stakingservice.common.chain.contract.listener.impl.BlockEventListener.filterEvents:228|#|Delay15_filterEvents size: 0
2024-11-30T13:45:50,193|#|INFO|#|16688|#|task-2|#|com.taibiex.stakingservice.common.chain.contract.listener.impl.BlockEventListener.blocksEventScanner:194|#|Delay0_blocksEventScanner run -------------------
2024-11-30T13:45:50,193|#|INFO|#|16688|#|task-1|#|com.taibiex.stakingservice.common.chain.contract.listener.impl.BlockEventListener.blocksEventScanner:194|#|Delay15_blocksEventScanner run -------------------
2024-11-30T13:45:50,193|#|INFO|#|16688|#|task-2|#|com.taibiex.stakingservice.common.chain.contract.listener.impl.BlockEventListener.blocksEventScanner:202|#|Delay0_blocksEventScanner run block [721,731] 
2024-11-30T13:45:50,193|#|INFO|#|16688|#|task-1|#|com.taibiex.stakingservice.common.chain.contract.listener.impl.BlockEventListener.blocksEventScanner:202|#|Delay15_blocksEventScanner run block [561,571] 
2024-11-30T13:45:50,261|#|INFO|#|16688|#|task-3|#|com.taibiex.stakingservice.common.chain.contract.utils.Web3jUtils.getBlockNumber:129|#| getBlockNumber the current block number is 1511509
2024-11-30T13:45:50,261|#|INFO|#|16688|#|task-3|#|com.taibiex.stakingservice.common.chain.contract.listener.impl.BlockEventListener.blocksEventScanner:194|#|Delay100_blocksEventScanner run -------------------
2024-11-30T13:45:50,261|#|INFO|#|16688|#|task-3|#|com.taibiex.stakingservice.common.chain.contract.listener.impl.BlockEventListener.blocksEventScanner:202|#|Delay100_blocksEventScanner run block [541,551] 
2024-11-30T13:45:50,467|#|INFO|#|16688|#|task-2|#|com.taibiex.stakingservice.common.chain.contract.listener.impl.BlockEventListener.filterEvents:228|#|Delay0_filterEvents size: 0
2024-11-30T13:45:50,475|#|INFO|#|16688|#|task-1|#|com.taibiex.stakingservice.common.chain.contract.listener.impl.BlockEventListener.filterEvents:228|#|Delay15_filterEvents size: 0
2024-11-30T13:45:50,526|#|INFO|#|16688|#|task-3|#|com.taibiex.stakingservice.common.chain.contract.listener.impl.BlockEventListener.filterEvents:228|#|Delay100_filterEvents size: 0
2024-11-30T13:45:50,572|#|INFO|#|16688|#|task-2|#|com.taibiex.stakingservice.common.chain.contract.listener.impl.BlockEventListener.blocksEventScanner:194|#|Delay0_blocksEventScanner run -------------------
2024-11-30T13:45:50,572|#|INFO|#|16688|#|task-2|#|com.taibiex.stakingservice.common.chain.contract.listener.impl.BlockEventListener.blocksEventScanner:202|#|Delay0_blocksEventScanner run block [731,741] 
2024-11-30T13:45:50,579|#|INFO|#|16688|#|task-1|#|com.taibiex.stakingservice.common.chain.contract.listener.impl.BlockEventListener.blocksEventScanner:194|#|Delay15_blocksEventScanner run -------------------
2024-11-30T13:45:50,579|#|INFO|#|16688|#|task-1|#|com.taibiex.stakingservice.common.chain.contract.listener.impl.BlockEventListener.blocksEventScanner:202|#|Delay15_blocksEventScanner run block [571,581] 
2024-11-30T13:45:50,640|#|INFO|#|16688|#|task-3|#|com.taibiex.stakingservice.common.chain.contract.listener.impl.BlockEventListener.blocksEventScanner:194|#|Delay100_blocksEventScanner run -------------------
2024-11-30T13:45:50,640|#|INFO|#|16688|#|task-3|#|com.taibiex.stakingservice.common.chain.contract.listener.impl.BlockEventListener.blocksEventScanner:202|#|Delay100_blocksEventScanner run block [551,561] 
2024-11-30T13:45:50,843|#|INFO|#|16688|#|task-1|#|com.taibiex.stakingservice.common.chain.contract.listener.impl.BlockEventListener.filterEvents:228|#|Delay15_filterEvents size: 0
2024-11-30T13:45:50,846|#|INFO|#|16688|#|task-2|#|com.taibiex.stakingservice.common.chain.contract.listener.impl.BlockEventListener.filterEvents:228|#|Delay0_filterEvents size: 0
2024-11-30T13:45:50,911|#|INFO|#|16688|#|task-3|#|com.taibiex.stakingservice.common.chain.contract.listener.impl.BlockEventListener.filterEvents:228|#|Delay100_filterEvents size: 0
2024-11-30T13:45:50,962|#|INFO|#|16688|#|task-1|#|com.taibiex.stakingservice.common.chain.contract.listener.impl.BlockEventListener.blocksEventScanner:194|#|Delay15_blocksEventScanner run -------------------
2024-11-30T13:45:50,962|#|INFO|#|16688|#|task-2|#|com.taibiex.stakingservice.common.chain.contract.listener.impl.BlockEventListener.blocksEventScanner:194|#|Delay0_blocksEventScanner run -------------------
2024-11-30T13:45:50,962|#|INFO|#|16688|#|task-1|#|com.taibiex.stakingservice.common.chain.contract.listener.impl.BlockEventListener.blocksEventScanner:202|#|Delay15_blocksEventScanner run block [581,591] 
2024-11-30T13:45:50,962|#|INFO|#|16688|#|task-2|#|com.taibiex.stakingservice.common.chain.contract.listener.impl.BlockEventListener.blocksEventScanner:202|#|Delay0_blocksEventScanner run block [741,751] 
2024-11-30T13:45:51,023|#|INFO|#|16688|#|task-3|#|com.taibiex.stakingservice.common.chain.contract.listener.impl.BlockEventListener.blocksEventScanner:194|#|Delay100_blocksEventScanner run -------------------
2024-11-30T13:45:51,023|#|INFO|#|16688|#|task-3|#|com.taibiex.stakingservice.common.chain.contract.listener.impl.BlockEventListener.blocksEventScanner:202|#|Delay100_blocksEventScanner run block [561,571] 
2024-11-30T13:45:51,227|#|INFO|#|16688|#|task-1|#|com.taibiex.stakingservice.common.chain.contract.listener.impl.BlockEventListener.filterEvents:228|#|Delay15_filterEvents size: 0
2024-11-30T13:45:51,239|#|INFO|#|16688|#|task-2|#|com.taibiex.stakingservice.common.chain.contract.listener.impl.BlockEventListener.filterEvents:228|#|Delay0_filterEvents size: 0
2024-11-30T13:45:51,288|#|INFO|#|16688|#|task-3|#|com.taibiex.stakingservice.common.chain.contract.listener.impl.BlockEventListener.filterEvents:228|#|Delay100_filterEvents size: 0
2024-11-30T13:45:51,345|#|INFO|#|16688|#|task-1|#|com.taibiex.stakingservice.common.chain.contract.listener.impl.BlockEventListener.blocksEventScanner:194|#|Delay15_blocksEventScanner run -------------------
2024-11-30T13:45:51,345|#|INFO|#|16688|#|task-2|#|com.taibiex.stakingservice.common.chain.contract.listener.impl.BlockEventListener.blocksEventScanner:194|#|Delay0_blocksEventScanner run -------------------
2024-11-30T13:45:51,345|#|INFO|#|16688|#|task-1|#|com.taibiex.stakingservice.common.chain.contract.listener.impl.BlockEventListener.blocksEventScanner:202|#|Delay15_blocksEventScanner run block [591,601] 
2024-11-30T13:45:51,345|#|INFO|#|16688|#|task-2|#|com.taibiex.stakingservice.common.chain.contract.listener.impl.BlockEventListener.blocksEventScanner:202|#|Delay0_blocksEventScanner run block [751,761] 
2024-11-30T13:45:51,407|#|INFO|#|16688|#|task-3|#|com.taibiex.stakingservice.common.chain.contract.listener.impl.BlockEventListener.blocksEventScanner:194|#|Delay100_blocksEventScanner run -------------------
2024-11-30T13:45:51,407|#|INFO|#|16688|#|task-3|#|com.taibiex.stakingservice.common.chain.contract.listener.impl.BlockEventListener.blocksEventScanner:202|#|Delay100_blocksEventScanner run block [571,581] 
2024-11-30T13:45:51,624|#|INFO|#|16688|#|task-1|#|com.taibiex.stakingservice.common.chain.contract.listener.impl.BlockEventListener.filterEvents:228|#|Delay15_filterEvents size: 0
2024-11-30T13:45:51,624|#|INFO|#|16688|#|task-2|#|com.taibiex.stakingservice.common.chain.contract.listener.impl.BlockEventListener.filterEvents:228|#|Delay0_filterEvents size: 0
2024-11-30T13:45:51,669|#|INFO|#|16688|#|task-3|#|com.taibiex.stakingservice.common.chain.contract.listener.impl.BlockEventListener.filterEvents:228|#|Delay100_filterEvents size: 0
2024-11-30T13:45:51,734|#|INFO|#|16688|#|task-1|#|com.taibiex.stakingservice.common.chain.contract.listener.impl.BlockEventListener.blocksEventScanner:194|#|Delay15_blocksEventScanner run -------------------
2024-11-30T13:45:51,734|#|INFO|#|16688|#|task-2|#|com.taibiex.stakingservice.common.chain.contract.listener.impl.BlockEventListener.blocksEventScanner:194|#|Delay0_blocksEventScanner run -------------------
2024-11-30T13:45:51,734|#|INFO|#|16688|#|task-1|#|com.taibiex.stakingservice.common.chain.contract.listener.impl.BlockEventListener.blocksEventScanner:202|#|Delay15_blocksEventScanner run block [601,611] 
2024-11-30T13:45:51,734|#|INFO|#|16688|#|task-2|#|com.taibiex.stakingservice.common.chain.contract.listener.impl.BlockEventListener.blocksEventScanner:202|#|Delay0_blocksEventScanner run block [761,771] 
2024-11-30T13:45:51,780|#|INFO|#|16688|#|task-3|#|com.taibiex.stakingservice.common.chain.contract.listener.impl.BlockEventListener.blocksEventScanner:194|#|Delay100_blocksEventScanner run -------------------
2024-11-30T13:45:51,780|#|INFO|#|16688|#|task-3|#|com.taibiex.stakingservice.common.chain.contract.listener.impl.BlockEventListener.blocksEventScanner:202|#|Delay100_blocksEventScanner run block [581,591] 
2024-11-30T13:45:51,998|#|INFO|#|16688|#|task-1|#|com.taibiex.stakingservice.common.chain.contract.listener.impl.BlockEventListener.filterEvents:228|#|Delay15_filterEvents size: 0
2024-11-30T13:45:52,006|#|INFO|#|16688|#|task-2|#|com.taibiex.stakingservice.common.chain.contract.listener.impl.BlockEventListener.filterEvents:228|#|Delay0_filterEvents size: 0
2024-11-30T13:45:52,035|#|INFO|#|16688|#|task-3|#|com.taibiex.stakingservice.common.chain.contract.listener.impl.BlockEventListener.filterEvents:228|#|Delay100_filterEvents size: 0
2024-11-30T13:45:52,103|#|INFO|#|16688|#|task-1|#|com.taibiex.stakingservice.common.chain.contract.listener.impl.BlockEventListener.blocksEventScanner:194|#|Delay15_blocksEventScanner run -------------------
2024-11-30T13:45:52,103|#|INFO|#|16688|#|task-1|#|com.taibiex.stakingservice.common.chain.contract.listener.impl.BlockEventListener.blocksEventScanner:202|#|Delay15_blocksEventScanner run block [611,621] 
2024-11-30T13:45:52,118|#|INFO|#|16688|#|task-2|#|com.taibiex.stakingservice.common.chain.contract.listener.impl.BlockEventListener.blocksEventScanner:194|#|Delay0_blocksEventScanner run -------------------
2024-11-30T13:45:52,118|#|INFO|#|16688|#|task-2|#|com.taibiex.stakingservice.common.chain.contract.listener.impl.BlockEventListener.blocksEventScanner:202|#|Delay0_blocksEventScanner run block [771,781] 
2024-11-30T13:45:52,149|#|INFO|#|16688|#|task-3|#|com.taibiex.stakingservice.common.chain.contract.listener.impl.BlockEventListener.blocksEventScanner:194|#|Delay100_blocksEventScanner run -------------------
2024-11-30T13:45:52,149|#|INFO|#|16688|#|task-3|#|com.taibiex.stakingservice.common.chain.contract.listener.impl.BlockEventListener.blocksEventScanner:202|#|Delay100_blocksEventScanner run block [591,601] 
2024-11-30T13:45:52,378|#|INFO|#|16688|#|task-1|#|com.taibiex.stakingservice.common.chain.contract.listener.impl.BlockEventListener.filterEvents:228|#|Delay15_filterEvents size: 0
2024-11-30T13:45:52,411|#|INFO|#|16688|#|task-2|#|com.taibiex.stakingservice.common.chain.contract.listener.impl.BlockEventListener.filterEvents:228|#|Delay0_filterEvents size: 0
2024-11-30T13:45:52,415|#|INFO|#|16688|#|task-3|#|com.taibiex.stakingservice.common.chain.contract.listener.impl.BlockEventListener.filterEvents:228|#|Delay100_filterEvents size: 0
2024-11-30T13:45:52,488|#|INFO|#|16688|#|task-1|#|com.taibiex.stakingservice.common.chain.contract.listener.impl.BlockEventListener.blocksEventScanner:194|#|Delay15_blocksEventScanner run -------------------
2024-11-30T13:45:52,488|#|INFO|#|16688|#|task-1|#|com.taibiex.stakingservice.common.chain.contract.listener.impl.BlockEventListener.blocksEventScanner:202|#|Delay15_blocksEventScanner run block [621,631] 
2024-11-30T13:45:52,520|#|INFO|#|16688|#|task-2|#|com.taibiex.stakingservice.common.chain.contract.listener.impl.BlockEventListener.blocksEventScanner:194|#|Delay0_blocksEventScanner run -------------------
2024-11-30T13:45:52,520|#|INFO|#|16688|#|task-3|#|com.taibiex.stakingservice.common.chain.contract.listener.impl.BlockEventListener.blocksEventScanner:194|#|Delay100_blocksEventScanner run -------------------
2024-11-30T13:45:52,520|#|INFO|#|16688|#|task-2|#|com.taibiex.stakingservice.common.chain.contract.listener.impl.BlockEventListener.blocksEventScanner:202|#|Delay0_blocksEventScanner run block [781,791] 
2024-11-30T13:45:52,520|#|INFO|#|16688|#|task-3|#|com.taibiex.stakingservice.common.chain.contract.listener.impl.BlockEventListener.blocksEventScanner:202|#|Delay100_blocksEventScanner run block [601,611] 
2024-11-30T13:45:52,751|#|INFO|#|16688|#|task-1|#|com.taibiex.stakingservice.common.chain.contract.listener.impl.BlockEventListener.filterEvents:228|#|Delay15_filterEvents size: 0
2024-11-30T13:45:52,787|#|INFO|#|16688|#|task-3|#|com.taibiex.stakingservice.common.chain.contract.listener.impl.BlockEventListener.filterEvents:228|#|Delay100_filterEvents size: 0
2024-11-30T13:45:52,788|#|INFO|#|16688|#|task-2|#|com.taibiex.stakingservice.common.chain.contract.listener.impl.BlockEventListener.filterEvents:228|#|Delay0_filterEvents size: 0
2024-11-30T13:45:52,861|#|INFO|#|16688|#|task-1|#|com.taibiex.stakingservice.common.chain.contract.listener.impl.BlockEventListener.blocksEventScanner:194|#|Delay15_blocksEventScanner run -------------------
2024-11-30T13:45:52,861|#|INFO|#|16688|#|task-1|#|com.taibiex.stakingservice.common.chain.contract.listener.impl.BlockEventListener.blocksEventScanner:202|#|Delay15_blocksEventScanner run block [631,641] 
2024-11-30T13:45:52,893|#|INFO|#|16688|#|task-3|#|com.taibiex.stakingservice.common.chain.contract.listener.impl.BlockEventListener.blocksEventScanner:194|#|Delay100_blocksEventScanner run -------------------
2024-11-30T13:45:52,893|#|INFO|#|16688|#|task-3|#|com.taibiex.stakingservice.common.chain.contract.listener.impl.BlockEventListener.blocksEventScanner:202|#|Delay100_blocksEventScanner run block [611,621] 
2024-11-30T13:45:52,907|#|INFO|#|16688|#|task-2|#|com.taibiex.stakingservice.common.chain.contract.listener.impl.BlockEventListener.blocksEventScanner:194|#|Delay0_blocksEventScanner run -------------------
2024-11-30T13:45:52,907|#|INFO|#|16688|#|task-2|#|com.taibiex.stakingservice.common.chain.contract.listener.impl.BlockEventListener.blocksEventScanner:202|#|Delay0_blocksEventScanner run block [791,801] 
2024-11-30T13:45:53,125|#|INFO|#|16688|#|task-1|#|com.taibiex.stakingservice.common.chain.contract.listener.impl.BlockEventListener.filterEvents:228|#|Delay15_filterEvents size: 0
2024-11-30T13:45:53,148|#|INFO|#|16688|#|task-3|#|com.taibiex.stakingservice.common.chain.contract.listener.impl.BlockEventListener.filterEvents:228|#|Delay100_filterEvents size: 0
2024-11-30T13:45:53,170|#|INFO|#|16688|#|task-2|#|com.taibiex.stakingservice.common.chain.contract.listener.impl.BlockEventListener.filterEvents:228|#|Delay0_filterEvents size: 0
2024-11-30T13:45:53,230|#|INFO|#|16688|#|task-1|#|com.taibiex.stakingservice.common.chain.contract.listener.impl.BlockEventListener.blocksEventScanner:194|#|Delay15_blocksEventScanner run -------------------
2024-11-30T13:45:53,230|#|INFO|#|16688|#|task-1|#|com.taibiex.stakingservice.common.chain.contract.listener.impl.BlockEventListener.blocksEventScanner:202|#|Delay15_blocksEventScanner run block [641,651] 
2024-11-30T13:45:53,260|#|INFO|#|16688|#|task-3|#|com.taibiex.stakingservice.common.chain.contract.listener.impl.BlockEventListener.blocksEventScanner:194|#|Delay100_blocksEventScanner run -------------------
2024-11-30T13:45:53,260|#|INFO|#|16688|#|task-3|#|com.taibiex.stakingservice.common.chain.contract.listener.impl.BlockEventListener.blocksEventScanner:202|#|Delay100_blocksEventScanner run block [621,631] 
2024-11-30T13:45:53,275|#|INFO|#|16688|#|task-2|#|com.taibiex.stakingservice.common.chain.contract.listener.impl.BlockEventListener.blocksEventScanner:194|#|Delay0_blocksEventScanner run -------------------
2024-11-30T13:45:53,275|#|INFO|#|16688|#|task-2|#|com.taibiex.stakingservice.common.chain.contract.listener.impl.BlockEventListener.blocksEventScanner:202|#|Delay0_blocksEventScanner run block [801,811] 
2024-11-30T13:45:53,497|#|INFO|#|16688|#|task-1|#|com.taibiex.stakingservice.common.chain.contract.listener.impl.BlockEventListener.filterEvents:228|#|Delay15_filterEvents size: 0
2024-11-30T13:45:53,530|#|INFO|#|16688|#|task-3|#|com.taibiex.stakingservice.common.chain.contract.listener.impl.BlockEventListener.filterEvents:228|#|Delay100_filterEvents size: 0
2024-11-30T13:45:53,577|#|INFO|#|16688|#|task-2|#|com.taibiex.stakingservice.common.chain.contract.listener.impl.BlockEventListener.filterEvents:228|#|Delay0_filterEvents size: 0
2024-11-30T13:45:53,611|#|INFO|#|16688|#|task-1|#|com.taibiex.stakingservice.common.chain.contract.listener.impl.BlockEventListener.blocksEventScanner:194|#|Delay15_blocksEventScanner run -------------------
2024-11-30T13:45:53,611|#|INFO|#|16688|#|task-1|#|com.taibiex.stakingservice.common.chain.contract.listener.impl.BlockEventListener.blocksEventScanner:202|#|Delay15_blocksEventScanner run block [651,661] 
2024-11-30T13:45:53,643|#|INFO|#|16688|#|task-3|#|com.taibiex.stakingservice.common.chain.contract.listener.impl.BlockEventListener.blocksEventScanner:194|#|Delay100_blocksEventScanner run -------------------
2024-11-30T13:45:53,643|#|INFO|#|16688|#|task-3|#|com.taibiex.stakingservice.common.chain.contract.listener.impl.BlockEventListener.blocksEventScanner:202|#|Delay100_blocksEventScanner run block [631,641] 
2024-11-30T13:45:53,689|#|INFO|#|16688|#|task-2|#|com.taibiex.stakingservice.common.chain.contract.listener.impl.BlockEventListener.blocksEventScanner:194|#|Delay0_blocksEventScanner run -------------------
2024-11-30T13:45:53,689|#|INFO|#|16688|#|task-2|#|com.taibiex.stakingservice.common.chain.contract.listener.impl.BlockEventListener.blocksEventScanner:202|#|Delay0_blocksEventScanner run block [811,821] 
2024-11-30T13:45:53,911|#|INFO|#|16688|#|task-1|#|com.taibiex.stakingservice.common.chain.contract.listener.impl.BlockEventListener.filterEvents:228|#|Delay15_filterEvents size: 0
2024-11-30T13:45:53,958|#|INFO|#|16688|#|task-3|#|com.taibiex.stakingservice.common.chain.contract.listener.impl.BlockEventListener.filterEvents:228|#|Delay100_filterEvents size: 0
2024-11-30T13:45:54,001|#|WARN|#|16688|#|task-4|#|com.taibiex.stakingservice.common.chain.contract.task.listener.TasksListener.scanBlockEvent:45|#|区块链事件扫描任务 已经在执行,等待执行完成...
2024-11-30T13:45:54,025|#|INFO|#|16688|#|task-1|#|com.taibiex.stakingservice.common.chain.contract.listener.impl.BlockEventListener.blocksEventScanner:194|#|Delay15_blocksEventScanner run -------------------
2024-11-30T13:45:54,025|#|INFO|#|16688|#|task-1|#|com.taibiex.stakingservice.common.chain.contract.listener.impl.BlockEventListener.blocksEventScanner:202|#|Delay15_blocksEventScanner run block [661,671] 
2024-11-30T13:45:54,053|#|INFO|#|16688|#|task-2|#|com.taibiex.stakingservice.common.chain.contract.listener.impl.BlockEventListener.filterEvents:228|#|Delay0_filterEvents size: 0
2024-11-30T13:45:54,071|#|INFO|#|16688|#|task-3|#|com.taibiex.stakingservice.common.chain.contract.listener.impl.BlockEventListener.blocksEventScanner:194|#|Delay100_blocksEventScanner run -------------------
2024-11-30T13:45:54,071|#|INFO|#|16688|#|task-3|#|com.taibiex.stakingservice.common.chain.contract.listener.impl.BlockEventListener.blocksEventScanner:202|#|Delay100_blocksEventScanner run block [641,651] 
2024-11-30T13:45:54,158|#|INFO|#|16688|#|task-2|#|com.taibiex.stakingservice.common.chain.contract.listener.impl.BlockEventListener.blocksEventScanner:194|#|Delay0_blocksEventScanner run -------------------
2024-11-30T13:45:54,158|#|INFO|#|16688|#|task-2|#|com.taibiex.stakingservice.common.chain.contract.listener.impl.BlockEventListener.blocksEventScanner:202|#|Delay0_blocksEventScanner run block [821,831] 
2024-11-30T13:45:54,298|#|INFO|#|16688|#|task-1|#|com.taibiex.stakingservice.common.chain.contract.listener.impl.BlockEventListener.filterEvents:228|#|Delay15_filterEvents size: 0
2024-11-30T13:45:54,390|#|INFO|#|16688|#|task-3|#|com.taibiex.stakingservice.common.chain.contract.listener.impl.BlockEventListener.filterEvents:228|#|Delay100_filterEvents size: 0
2024-11-30T13:45:54,404|#|INFO|#|16688|#|task-1|#|com.taibiex.stakingservice.common.chain.contract.listener.impl.BlockEventListener.blocksEventScanner:194|#|Delay15_blocksEventScanner run -------------------
2024-11-30T13:45:54,404|#|INFO|#|16688|#|task-1|#|com.taibiex.stakingservice.common.chain.contract.listener.impl.BlockEventListener.blocksEventScanner:202|#|Delay15_blocksEventScanner run block [671,681] 
2024-11-30T13:45:54,431|#|INFO|#|16688|#|task-2|#|com.taibiex.stakingservice.common.chain.contract.listener.impl.BlockEventListener.filterEvents:228|#|Delay0_filterEvents size: 0
2024-11-30T13:45:54,495|#|INFO|#|16688|#|task-3|#|com.taibiex.stakingservice.common.chain.contract.listener.impl.BlockEventListener.blocksEventScanner:194|#|Delay100_blocksEventScanner run -------------------
2024-11-30T13:45:54,495|#|INFO|#|16688|#|task-3|#|com.taibiex.stakingservice.common.chain.contract.listener.impl.BlockEventListener.blocksEventScanner:202|#|Delay100_blocksEventScanner run block [651,661] 
2024-11-30T13:45:54,537|#|INFO|#|16688|#|task-2|#|com.taibiex.stakingservice.common.chain.contract.listener.impl.BlockEventListener.blocksEventScanner:194|#|Delay0_blocksEventScanner run -------------------
2024-11-30T13:45:54,537|#|INFO|#|16688|#|task-2|#|com.taibiex.stakingservice.common.chain.contract.listener.impl.BlockEventListener.blocksEventScanner:202|#|Delay0_blocksEventScanner run block [831,841] 
2024-11-30T13:45:54,685|#|INFO|#|16688|#|task-1|#|com.taibiex.stakingservice.common.chain.contract.listener.impl.BlockEventListener.filterEvents:228|#|Delay15_filterEvents size: 0
2024-11-30T13:45:54,765|#|INFO|#|16688|#|task-3|#|com.taibiex.stakingservice.common.chain.contract.listener.impl.BlockEventListener.filterEvents:228|#|Delay100_filterEvents size: 0
2024-11-30T13:45:54,790|#|INFO|#|16688|#|task-1|#|com.taibiex.stakingservice.common.chain.contract.listener.impl.BlockEventListener.blocksEventScanner:194|#|Delay15_blocksEventScanner run -------------------
2024-11-30T13:45:54,790|#|INFO|#|16688|#|task-1|#|com.taibiex.stakingservice.common.chain.contract.listener.impl.BlockEventListener.blocksEventScanner:202|#|Delay15_blocksEventScanner run block [681,691] 
2024-11-30T13:45:54,809|#|INFO|#|16688|#|task-2|#|com.taibiex.stakingservice.common.chain.contract.listener.impl.BlockEventListener.filterEvents:228|#|Delay0_filterEvents size: 0
2024-11-30T13:45:54,869|#|INFO|#|16688|#|task-3|#|com.taibiex.stakingservice.common.chain.contract.listener.impl.BlockEventListener.blocksEventScanner:194|#|Delay100_blocksEventScanner run -------------------
2024-11-30T13:45:54,869|#|INFO|#|16688|#|task-3|#|com.taibiex.stakingservice.common.chain.contract.listener.impl.BlockEventListener.blocksEventScanner:202|#|Delay100_blocksEventScanner run block [661,671] 
2024-11-30T13:45:54,913|#|INFO|#|16688|#|task-2|#|com.taibiex.stakingservice.common.chain.contract.listener.impl.BlockEventListener.blocksEventScanner:194|#|Delay0_blocksEventScanner run -------------------
2024-11-30T13:45:54,913|#|INFO|#|16688|#|task-2|#|com.taibiex.stakingservice.common.chain.contract.listener.impl.BlockEventListener.blocksEventScanner:202|#|Delay0_blocksEventScanner run block [841,851] 
2024-11-30T13:45:55,055|#|INFO|#|16688|#|task-1|#|com.taibiex.stakingservice.common.chain.contract.listener.impl.BlockEventListener.filterEvents:228|#|Delay15_filterEvents size: 0
2024-11-30T13:45:55,139|#|INFO|#|16688|#|task-3|#|com.taibiex.stakingservice.common.chain.contract.listener.impl.BlockEventListener.filterEvents:228|#|Delay100_filterEvents size: 0
2024-11-30T13:45:55,161|#|INFO|#|16688|#|task-1|#|com.taibiex.stakingservice.common.chain.contract.listener.impl.BlockEventListener.blocksEventScanner:194|#|Delay15_blocksEventScanner run -------------------
2024-11-30T13:45:55,161|#|INFO|#|16688|#|task-1|#|com.taibiex.stakingservice.common.chain.contract.listener.impl.BlockEventListener.blocksEventScanner:202|#|Delay15_blocksEventScanner run block [691,701] 
2024-11-30T13:45:55,173|#|INFO|#|16688|#|task-2|#|com.taibiex.stakingservice.common.chain.contract.listener.impl.BlockEventListener.filterEvents:228|#|Delay0_filterEvents size: 0
2024-11-30T13:45:55,244|#|INFO|#|16688|#|task-3|#|com.taibiex.stakingservice.common.chain.contract.listener.impl.BlockEventListener.blocksEventScanner:194|#|Delay100_blocksEventScanner run -------------------
2024-11-30T13:45:55,244|#|INFO|#|16688|#|task-3|#|com.taibiex.stakingservice.common.chain.contract.listener.impl.BlockEventListener.blocksEventScanner:202|#|Delay100_blocksEventScanner run block [671,681] 
2024-11-30T13:45:55,278|#|INFO|#|16688|#|task-2|#|com.taibiex.stakingservice.common.chain.contract.listener.impl.BlockEventListener.blocksEventScanner:194|#|Delay0_blocksEventScanner run -------------------
2024-11-30T13:45:55,278|#|INFO|#|16688|#|task-2|#|com.taibiex.stakingservice.common.chain.contract.listener.impl.BlockEventListener.blocksEventScanner:202|#|Delay0_blocksEventScanner run block [851,861] 
2024-11-30T13:45:55,447|#|INFO|#|16688|#|task-1|#|com.taibiex.stakingservice.common.chain.contract.listener.impl.BlockEventListener.filterEvents:228|#|Delay15_filterEvents size: 0
2024-11-30T13:45:55,512|#|INFO|#|16688|#|task-3|#|com.taibiex.stakingservice.common.chain.contract.listener.impl.BlockEventListener.filterEvents:228|#|Delay100_filterEvents size: 0
2024-11-30T13:45:55,541|#|INFO|#|16688|#|task-2|#|com.taibiex.stakingservice.common.chain.contract.listener.impl.BlockEventListener.filterEvents:228|#|Delay0_filterEvents size: 0
2024-11-30T13:45:55,551|#|INFO|#|16688|#|task-1|#|com.taibiex.stakingservice.common.chain.contract.listener.impl.BlockEventListener.blocksEventScanner:194|#|Delay15_blocksEventScanner run -------------------
2024-11-30T13:45:55,551|#|INFO|#|16688|#|task-1|#|com.taibiex.stakingservice.common.chain.contract.listener.impl.BlockEventListener.blocksEventScanner:202|#|Delay15_blocksEventScanner run block [701,711] 
2024-11-30T13:45:55,616|#|INFO|#|16688|#|task-3|#|com.taibiex.stakingservice.common.chain.contract.listener.impl.BlockEventListener.blocksEventScanner:194|#|Delay100_blocksEventScanner run -------------------
2024-11-30T13:45:55,616|#|INFO|#|16688|#|task-3|#|com.taibiex.stakingservice.common.chain.contract.listener.impl.BlockEventListener.blocksEventScanner:202|#|Delay100_blocksEventScanner run block [681,691] 
2024-11-30T13:45:55,658|#|INFO|#|16688|#|task-2|#|com.taibiex.stakingservice.common.chain.contract.listener.impl.BlockEventListener.blocksEventScanner:194|#|Delay0_blocksEventScanner run -------------------
2024-11-30T13:45:55,658|#|INFO|#|16688|#|task-2|#|com.taibiex.stakingservice.common.chain.contract.listener.impl.BlockEventListener.blocksEventScanner:202|#|Delay0_blocksEventScanner run block [861,871] 
2024-11-30T13:45:55,843|#|INFO|#|16688|#|task-1|#|com.taibiex.stakingservice.common.chain.contract.listener.impl.BlockEventListener.filterEvents:228|#|Delay15_filterEvents size: 0
2024-11-30T13:45:55,951|#|INFO|#|16688|#|task-1|#|com.taibiex.stakingservice.common.chain.contract.listener.impl.BlockEventListener.blocksEventScanner:194|#|Delay15_blocksEventScanner run -------------------
2024-11-30T13:45:55,951|#|INFO|#|16688|#|task-1|#|com.taibiex.stakingservice.common.chain.contract.listener.impl.BlockEventListener.blocksEventScanner:202|#|Delay15_blocksEventScanner run block [711,721] 
2024-11-30T13:45:56,013|#|WARN|#|16688|#|task-5|#|com.taibiex.stakingservice.common.chain.contract.task.listener.TasksListener.scanBlockEventDelay15:70|#|Delay15区块链事件扫描任务 已经在执行,等待执行完成...
2024-11-30T13:45:56,109|#|INFO|#|16688|#|task-2|#|com.taibiex.stakingservice.common.chain.contract.listener.impl.BlockEventListener.filterEvents:228|#|Delay0_filterEvents size: 0
2024-11-30T13:45:56,114|#|INFO|#|16688|#|task-3|#|com.taibiex.stakingservice.common.chain.contract.listener.impl.BlockEventListener.filterEvents:228|#|Delay100_filterEvents size: 0
2024-11-30T13:45:56,213|#|INFO|#|16688|#|task-2|#|com.taibiex.stakingservice.common.chain.contract.listener.impl.BlockEventListener.blocksEventScanner:194|#|Delay0_blocksEventScanner run -------------------
2024-11-30T13:45:56,213|#|INFO|#|16688|#|task-2|#|com.taibiex.stakingservice.common.chain.contract.listener.impl.BlockEventListener.blocksEventScanner:202|#|Delay0_blocksEventScanner run block [871,881] 
2024-11-30T13:45:56,219|#|INFO|#|16688|#|task-3|#|com.taibiex.stakingservice.common.chain.contract.listener.impl.BlockEventListener.blocksEventScanner:194|#|Delay100_blocksEventScanner run -------------------
2024-11-30T13:45:56,219|#|INFO|#|16688|#|task-3|#|com.taibiex.stakingservice.common.chain.contract.listener.impl.BlockEventListener.blocksEventScanner:202|#|Delay100_blocksEventScanner run block [691,701] 
2024-11-30T13:45:56,303|#|INFO|#|16688|#|task-1|#|com.taibiex.stakingservice.common.chain.contract.listener.impl.BlockEventListener.filterEvents:228|#|Delay15_filterEvents size: 0
2024-11-30T13:45:56,409|#|INFO|#|16688|#|task-1|#|com.taibiex.stakingservice.common.chain.contract.listener.impl.BlockEventListener.blocksEventScanner:194|#|Delay15_blocksEventScanner run -------------------
2024-11-30T13:45:56,409|#|INFO|#|16688|#|task-1|#|com.taibiex.stakingservice.common.chain.contract.listener.impl.BlockEventListener.blocksEventScanner:202|#|Delay15_blocksEventScanner run block [721,731] 
2024-11-30T13:45:56,478|#|INFO|#|16688|#|task-3|#|com.taibiex.stakingservice.common.chain.contract.listener.impl.BlockEventListener.filterEvents:228|#|Delay100_filterEvents size: 0
2024-11-30T13:45:56,488|#|INFO|#|16688|#|task-2|#|com.taibiex.stakingservice.common.chain.contract.listener.impl.BlockEventListener.filterEvents:228|#|Delay0_filterEvents size: 0
2024-11-30T13:45:56,582|#|INFO|#|16688|#|task-3|#|com.taibiex.stakingservice.common.chain.contract.listener.impl.BlockEventListener.blocksEventScanner:194|#|Delay100_blocksEventScanner run -------------------
2024-11-30T13:45:56,582|#|INFO|#|16688|#|task-3|#|com.taibiex.stakingservice.common.chain.contract.listener.impl.BlockEventListener.blocksEventScanner:202|#|Delay100_blocksEventScanner run block [701,711] 
2024-11-30T13:45:56,593|#|INFO|#|16688|#|task-2|#|com.taibiex.stakingservice.common.chain.contract.listener.impl.BlockEventListener.blocksEventScanner:194|#|Delay0_blocksEventScanner run -------------------
2024-11-30T13:45:56,593|#|INFO|#|16688|#|task-2|#|com.taibiex.stakingservice.common.chain.contract.listener.impl.BlockEventListener.blocksEventScanner:202|#|Delay0_blocksEventScanner run block [881,891] 
2024-11-30T13:45:56,675|#|INFO|#|16688|#|task-1|#|com.taibiex.stakingservice.common.chain.contract.listener.impl.BlockEventListener.filterEvents:228|#|Delay15_filterEvents size: 0
2024-11-30T13:45:56,780|#|INFO|#|16688|#|task-1|#|com.taibiex.stakingservice.common.chain.contract.listener.impl.BlockEventListener.blocksEventScanner:194|#|Delay15_blocksEventScanner run -------------------
2024-11-30T13:45:56,780|#|INFO|#|16688|#|task-1|#|com.taibiex.stakingservice.common.chain.contract.listener.impl.BlockEventListener.blocksEventScanner:202|#|Delay15_blocksEventScanner run block [731,741] 
2024-11-30T13:45:56,840|#|INFO|#|16688|#|task-3|#|com.taibiex.stakingservice.common.chain.contract.listener.impl.BlockEventListener.filterEvents:228|#|Delay100_filterEvents size: 0
2024-11-30T13:45:56,889|#|INFO|#|16688|#|task-2|#|com.taibiex.stakingservice.common.chain.contract.listener.impl.BlockEventListener.filterEvents:228|#|Delay0_filterEvents size: 0
2024-11-30T13:45:56,946|#|INFO|#|16688|#|task-3|#|com.taibiex.stakingservice.common.chain.contract.listener.impl.BlockEventListener.blocksEventScanner:194|#|Delay100_blocksEventScanner run -------------------
2024-11-30T13:45:56,946|#|INFO|#|16688|#|task-3|#|com.taibiex.stakingservice.common.chain.contract.listener.impl.BlockEventListener.blocksEventScanner:202|#|Delay100_blocksEventScanner run block [711,721] 
2024-11-30T13:45:56,993|#|INFO|#|16688|#|task-2|#|com.taibiex.stakingservice.common.chain.contract.listener.impl.BlockEventListener.blocksEventScanner:194|#|Delay0_blocksEventScanner run -------------------
2024-11-30T13:45:56,993|#|INFO|#|16688|#|task-2|#|com.taibiex.stakingservice.common.chain.contract.listener.impl.BlockEventListener.blocksEventScanner:202|#|Delay0_blocksEventScanner run block [891,901] 
2024-11-30T13:45:57,051|#|INFO|#|16688|#|task-1|#|com.taibiex.stakingservice.common.chain.contract.listener.impl.BlockEventListener.filterEvents:228|#|Delay15_filterEvents size: 0
2024-11-30T13:45:57,155|#|INFO|#|16688|#|task-1|#|com.taibiex.stakingservice.common.chain.contract.listener.impl.BlockEventListener.blocksEventScanner:194|#|Delay15_blocksEventScanner run -------------------
2024-11-30T13:45:57,155|#|INFO|#|16688|#|task-1|#|com.taibiex.stakingservice.common.chain.contract.listener.impl.BlockEventListener.blocksEventScanner:202|#|Delay15_blocksEventScanner run block [741,751] 
2024-11-30T13:45:57,208|#|INFO|#|16688|#|task-3|#|com.taibiex.stakingservice.common.chain.contract.listener.impl.BlockEventListener.filterEvents:228|#|Delay100_filterEvents size: 0
2024-11-30T13:45:57,264|#|INFO|#|16688|#|task-2|#|com.taibiex.stakingservice.common.chain.contract.listener.impl.BlockEventListener.filterEvents:228|#|Delay0_filterEvents size: 0
2024-11-30T13:45:57,314|#|INFO|#|16688|#|task-3|#|com.taibiex.stakingservice.common.chain.contract.listener.impl.BlockEventListener.blocksEventScanner:194|#|Delay100_blocksEventScanner run -------------------
2024-11-30T13:45:57,314|#|INFO|#|16688|#|task-3|#|com.taibiex.stakingservice.common.chain.contract.listener.impl.BlockEventListener.blocksEventScanner:202|#|Delay100_blocksEventScanner run block [721,731] 
2024-11-30T13:45:57,369|#|INFO|#|16688|#|task-2|#|com.taibiex.stakingservice.common.chain.contract.listener.impl.BlockEventListener.blocksEventScanner:194|#|Delay0_blocksEventScanner run -------------------
2024-11-30T13:45:57,369|#|INFO|#|16688|#|task-2|#|com.taibiex.stakingservice.common.chain.contract.listener.impl.BlockEventListener.blocksEventScanner:202|#|Delay0_blocksEventScanner run block [901,911] 
2024-11-30T13:45:57,405|#|INFO|#|16688|#|task-1|#|com.taibiex.stakingservice.common.chain.contract.listener.impl.BlockEventListener.filterEvents:228|#|Delay15_filterEvents size: 0
2024-11-30T13:45:57,509|#|INFO|#|16688|#|task-1|#|com.taibiex.stakingservice.common.chain.contract.listener.impl.BlockEventListener.blocksEventScanner:194|#|Delay15_blocksEventScanner run -------------------
2024-11-30T13:45:57,509|#|INFO|#|16688|#|task-1|#|com.taibiex.stakingservice.common.chain.contract.listener.impl.BlockEventListener.blocksEventScanner:202|#|Delay15_blocksEventScanner run block [751,761] 
2024-11-30T13:45:57,582|#|INFO|#|16688|#|task-3|#|com.taibiex.stakingservice.common.chain.contract.listener.impl.BlockEventListener.filterEvents:228|#|Delay100_filterEvents size: 0
2024-11-30T13:45:57,643|#|INFO|#|16688|#|task-2|#|com.taibiex.stakingservice.common.chain.contract.listener.impl.BlockEventListener.filterEvents:228|#|Delay0_filterEvents size: 0
2024-11-30T13:45:57,687|#|INFO|#|16688|#|task-3|#|com.taibiex.stakingservice.common.chain.contract.listener.impl.BlockEventListener.blocksEventScanner:194|#|Delay100_blocksEventScanner run -------------------
2024-11-30T13:45:57,687|#|INFO|#|16688|#|task-3|#|com.taibiex.stakingservice.common.chain.contract.listener.impl.BlockEventListener.blocksEventScanner:202|#|Delay100_blocksEventScanner run block [731,741] 
2024-11-30T13:45:57,747|#|INFO|#|16688|#|task-2|#|com.taibiex.stakingservice.common.chain.contract.listener.impl.BlockEventListener.blocksEventScanner:194|#|Delay0_blocksEventScanner run -------------------
2024-11-30T13:45:57,747|#|INFO|#|16688|#|task-2|#|com.taibiex.stakingservice.common.chain.contract.listener.impl.BlockEventListener.blocksEventScanner:202|#|Delay0_blocksEventScanner run block [911,921] 
2024-11-30T13:45:57,790|#|INFO|#|16688|#|task-1|#|com.taibiex.stakingservice.common.chain.contract.listener.impl.BlockEventListener.filterEvents:228|#|Delay15_filterEvents size: 0
2024-11-30T13:45:57,894|#|INFO|#|16688|#|task-1|#|com.taibiex.stakingservice.common.chain.contract.listener.impl.BlockEventListener.blocksEventScanner:194|#|Delay15_blocksEventScanner run -------------------
2024-11-30T13:45:57,894|#|INFO|#|16688|#|task-1|#|com.taibiex.stakingservice.common.chain.contract.listener.impl.BlockEventListener.blocksEventScanner:202|#|Delay15_blocksEventScanner run block [761,771] 
2024-11-30T13:45:58,024|#|INFO|#|16688|#|task-2|#|com.taibiex.stakingservice.common.chain.contract.listener.impl.BlockEventListener.filterEvents:228|#|Delay0_filterEvents size: 0
2024-11-30T13:45:58,024|#|INFO|#|16688|#|task-3|#|com.taibiex.stakingservice.common.chain.contract.listener.impl.BlockEventListener.filterEvents:228|#|Delay100_filterEvents size: 0
2024-11-30T13:45:58,131|#|INFO|#|16688|#|task-3|#|com.taibiex.stakingservice.common.chain.contract.listener.impl.BlockEventListener.blocksEventScanner:194|#|Delay100_blocksEventScanner run -------------------
2024-11-30T13:45:58,131|#|INFO|#|16688|#|task-2|#|com.taibiex.stakingservice.common.chain.contract.listener.impl.BlockEventListener.blocksEventScanner:194|#|Delay0_blocksEventScanner run -------------------
2024-11-30T13:45:58,131|#|INFO|#|16688|#|task-3|#|com.taibiex.stakingservice.common.chain.contract.listener.impl.BlockEventListener.blocksEventScanner:202|#|Delay100_blocksEventScanner run block [741,751] 
2024-11-30T13:45:58,131|#|INFO|#|16688|#|task-2|#|com.taibiex.stakingservice.common.chain.contract.listener.impl.BlockEventListener.blocksEventScanner:202|#|Delay0_blocksEventScanner run block [921,931] 
2024-11-30T13:45:58,144|#|INFO|#|16688|#|task-1|#|com.taibiex.stakingservice.common.chain.contract.listener.impl.BlockEventListener.filterEvents:228|#|Delay15_filterEvents size: 0
2024-11-30T13:45:58,248|#|INFO|#|16688|#|task-1|#|com.taibiex.stakingservice.common.chain.contract.listener.impl.BlockEventListener.blocksEventScanner:194|#|Delay15_blocksEventScanner run -------------------
2024-11-30T13:45:58,248|#|INFO|#|16688|#|task-1|#|com.taibiex.stakingservice.common.chain.contract.listener.impl.BlockEventListener.blocksEventScanner:202|#|Delay15_blocksEventScanner run block [771,781] 
2024-11-30T13:45:58,412|#|INFO|#|16688|#|task-3|#|com.taibiex.stakingservice.common.chain.contract.listener.impl.BlockEventListener.filterEvents:228|#|Delay100_filterEvents size: 0
2024-11-30T13:45:58,416|#|INFO|#|16688|#|task-2|#|com.taibiex.stakingservice.common.chain.contract.listener.impl.BlockEventListener.filterEvents:228|#|Delay0_filterEvents size: 0
2024-11-30T13:45:58,516|#|INFO|#|16688|#|task-3|#|com.taibiex.stakingservice.common.chain.contract.listener.impl.BlockEventListener.blocksEventScanner:194|#|Delay100_blocksEventScanner run -------------------
2024-11-30T13:45:58,516|#|INFO|#|16688|#|task-3|#|com.taibiex.stakingservice.common.chain.contract.listener.impl.BlockEventListener.blocksEventScanner:202|#|Delay100_blocksEventScanner run block [751,761] 
2024-11-30T13:45:58,519|#|INFO|#|16688|#|task-1|#|com.taibiex.stakingservice.common.chain.contract.listener.impl.BlockEventListener.filterEvents:228|#|Delay15_filterEvents size: 0
2024-11-30T13:45:58,520|#|INFO|#|16688|#|task-2|#|com.taibiex.stakingservice.common.chain.contract.listener.impl.BlockEventListener.blocksEventScanner:194|#|Delay0_blocksEventScanner run -------------------
2024-11-30T13:45:58,520|#|INFO|#|16688|#|task-2|#|com.taibiex.stakingservice.common.chain.contract.listener.impl.BlockEventListener.blocksEventScanner:202|#|Delay0_blocksEventScanner run block [931,941] 
2024-11-30T13:45:58,625|#|INFO|#|16688|#|task-1|#|com.taibiex.stakingservice.common.chain.contract.listener.impl.BlockEventListener.blocksEventScanner:194|#|Delay15_blocksEventScanner run -------------------
2024-11-30T13:45:58,625|#|INFO|#|16688|#|task-1|#|com.taibiex.stakingservice.common.chain.contract.listener.impl.BlockEventListener.blocksEventScanner:202|#|Delay15_blocksEventScanner run block [781,791] 
2024-11-30T13:45:58,765|#|INFO|#|16688|#|task-3|#|com.taibiex.stakingservice.common.chain.contract.listener.impl.BlockEventListener.filterEvents:228|#|Delay100_filterEvents size: 0
2024-11-30T13:45:58,788|#|INFO|#|16688|#|task-2|#|com.taibiex.stakingservice.common.chain.contract.listener.impl.BlockEventListener.filterEvents:228|#|Delay0_filterEvents size: 0
2024-11-30T13:45:58,869|#|INFO|#|16688|#|task-3|#|com.taibiex.stakingservice.common.chain.contract.listener.impl.BlockEventListener.blocksEventScanner:194|#|Delay100_blocksEventScanner run -------------------
2024-11-30T13:45:58,869|#|INFO|#|16688|#|task-3|#|com.taibiex.stakingservice.common.chain.contract.listener.impl.BlockEventListener.blocksEventScanner:202|#|Delay100_blocksEventScanner run block [761,771] 
2024-11-30T13:45:58,894|#|INFO|#|16688|#|task-2|#|com.taibiex.stakingservice.common.chain.contract.listener.impl.BlockEventListener.blocksEventScanner:194|#|Delay0_blocksEventScanner run -------------------
2024-11-30T13:45:58,894|#|INFO|#|16688|#|task-2|#|com.taibiex.stakingservice.common.chain.contract.listener.impl.BlockEventListener.blocksEventScanner:202|#|Delay0_blocksEventScanner run block [941,951] 
2024-11-30T13:45:58,903|#|INFO|#|16688|#|task-1|#|com.taibiex.stakingservice.common.chain.contract.listener.impl.BlockEventListener.filterEvents:228|#|Delay15_filterEvents size: 0
2024-11-30T13:45:59,007|#|INFO|#|16688|#|task-1|#|com.taibiex.stakingservice.common.chain.contract.listener.impl.BlockEventListener.blocksEventScanner:194|#|Delay15_blocksEventScanner run -------------------
2024-11-30T13:45:59,007|#|INFO|#|16688|#|task-1|#|com.taibiex.stakingservice.common.chain.contract.listener.impl.BlockEventListener.blocksEventScanner:202|#|Delay15_blocksEventScanner run block [791,801] 
2024-11-30T13:45:59,136|#|INFO|#|16688|#|task-3|#|com.taibiex.stakingservice.common.chain.contract.listener.impl.BlockEventListener.filterEvents:228|#|Delay100_filterEvents size: 0
2024-11-30T13:45:59,169|#|INFO|#|16688|#|task-2|#|com.taibiex.stakingservice.common.chain.contract.listener.impl.BlockEventListener.filterEvents:228|#|Delay0_filterEvents size: 0
2024-11-30T13:45:59,242|#|INFO|#|16688|#|task-3|#|com.taibiex.stakingservice.common.chain.contract.listener.impl.BlockEventListener.blocksEventScanner:194|#|Delay100_blocksEventScanner run -------------------
2024-11-30T13:45:59,242|#|INFO|#|16688|#|task-3|#|com.taibiex.stakingservice.common.chain.contract.listener.impl.BlockEventListener.blocksEventScanner:202|#|Delay100_blocksEventScanner run block [771,781] 
2024-11-30T13:45:59,257|#|INFO|#|16688|#|task-1|#|com.taibiex.stakingservice.common.chain.contract.listener.impl.BlockEventListener.filterEvents:228|#|Delay15_filterEvents size: 0
2024-11-30T13:45:59,274|#|INFO|#|16688|#|task-2|#|com.taibiex.stakingservice.common.chain.contract.listener.impl.BlockEventListener.blocksEventScanner:194|#|Delay0_blocksEventScanner run -------------------
2024-11-30T13:45:59,274|#|INFO|#|16688|#|task-2|#|com.taibiex.stakingservice.common.chain.contract.listener.impl.BlockEventListener.blocksEventScanner:202|#|Delay0_blocksEventScanner run block [951,961] 
2024-11-30T13:45:59,361|#|INFO|#|16688|#|task-1|#|com.taibiex.stakingservice.common.chain.contract.listener.impl.BlockEventListener.blocksEventScanner:194|#|Delay15_blocksEventScanner run -------------------
2024-11-30T13:45:59,361|#|INFO|#|16688|#|task-1|#|com.taibiex.stakingservice.common.chain.contract.listener.impl.BlockEventListener.blocksEventScanner:202|#|Delay15_blocksEventScanner run block [801,811] 
2024-11-30T13:45:59,521|#|INFO|#|16688|#|task-3|#|com.taibiex.stakingservice.common.chain.contract.listener.impl.BlockEventListener.filterEvents:228|#|Delay100_filterEvents size: 0
2024-11-30T13:45:59,543|#|INFO|#|16688|#|task-2|#|com.taibiex.stakingservice.common.chain.contract.listener.impl.BlockEventListener.filterEvents:228|#|Delay0_filterEvents size: 0
2024-11-30T13:45:59,625|#|INFO|#|16688|#|task-3|#|com.taibiex.stakingservice.common.chain.contract.listener.impl.BlockEventListener.blocksEventScanner:194|#|Delay100_blocksEventScanner run -------------------
2024-11-30T13:45:59,625|#|INFO|#|16688|#|task-3|#|com.taibiex.stakingservice.common.chain.contract.listener.impl.BlockEventListener.blocksEventScanner:202|#|Delay100_blocksEventScanner run block [781,791] 
2024-11-30T13:45:59,646|#|INFO|#|16688|#|task-2|#|com.taibiex.stakingservice.common.chain.contract.listener.impl.BlockEventListener.blocksEventScanner:194|#|Delay0_blocksEventScanner run -------------------
2024-11-30T13:45:59,646|#|INFO|#|16688|#|task-2|#|com.taibiex.stakingservice.common.chain.contract.listener.impl.BlockEventListener.blocksEventScanner:202|#|Delay0_blocksEventScanner run block [961,971] 
2024-11-30T13:45:59,658|#|INFO|#|16688|#|task-1|#|com.taibiex.stakingservice.common.chain.contract.listener.impl.BlockEventListener.filterEvents:228|#|Delay15_filterEvents size: 0
2024-11-30T13:45:59,763|#|INFO|#|16688|#|task-1|#|com.taibiex.stakingservice.common.chain.contract.listener.impl.BlockEventListener.blocksEventScanner:194|#|Delay15_blocksEventScanner run -------------------
2024-11-30T13:45:59,763|#|INFO|#|16688|#|task-1|#|com.taibiex.stakingservice.common.chain.contract.listener.impl.BlockEventListener.blocksEventScanner:202|#|Delay15_blocksEventScanner run block [811,821] 
2024-11-30T13:45:59,902|#|INFO|#|16688|#|task-3|#|com.taibiex.stakingservice.common.chain.contract.listener.impl.BlockEventListener.filterEvents:228|#|Delay100_filterEvents size: 0
2024-11-30T13:45:59,914|#|INFO|#|16688|#|task-2|#|com.taibiex.stakingservice.common.chain.contract.listener.impl.BlockEventListener.filterEvents:228|#|Delay0_filterEvents size: 0
2024-11-30T13:46:00,001|#|WARN|#|16688|#|task-6|#|com.taibiex.stakingservice.common.chain.contract.task.listener.TasksListener.scanBlockEventDelay15:70|#|Delay15区块链事件扫描任务 已经在执行,等待执行完成...
2024-11-30T13:46:00,001|#|WARN|#|16688|#|task-7|#|com.taibiex.stakingservice.common.chain.contract.task.listener.TasksListener.scanBlockEvent:45|#|区块链事件扫描任务 已经在执行,等待执行完成...
2024-11-30T13:46:00,001|#|WARN|#|16688|#|task-8|#|com.taibiex.stakingservice.common.chain.contract.task.listener.TasksListener.scanBlockEventDelay100:95|#|Delay100 区块链事件扫描任务 已经在执行,等待执行完成...
2024-11-30T13:46:00,007|#|INFO|#|16688|#|task-3|#|com.taibiex.stakingservice.common.chain.contract.listener.impl.BlockEventListener.blocksEventScanner:194|#|Delay100_blocksEventScanner run -------------------
2024-11-30T13:46:00,007|#|INFO|#|16688|#|task-3|#|com.taibiex.stakingservice.common.chain.contract.listener.impl.BlockEventListener.blocksEventScanner:202|#|Delay100_blocksEventScanner run block [791,801] 
2024-11-30T13:46:00,011|#|INFO|#|16688|#|task-1|#|com.taibiex.stakingservice.common.chain.contract.listener.impl.BlockEventListener.filterEvents:228|#|Delay15_filterEvents size: 0
2024-11-30T13:46:00,019|#|INFO|#|16688|#|task-2|#|com.taibiex.stakingservice.common.chain.contract.listener.impl.BlockEventListener.blocksEventScanner:194|#|Delay0_blocksEventScanner run -------------------
2024-11-30T13:46:00,019|#|INFO|#|16688|#|task-2|#|com.taibiex.stakingservice.common.chain.contract.listener.impl.BlockEventListener.blocksEventScanner:202|#|Delay0_blocksEventScanner run block [971,981] 
2024-11-30T13:46:00,117|#|INFO|#|16688|#|task-1|#|com.taibiex.stakingservice.common.chain.contract.listener.impl.BlockEventListener.blocksEventScanner:194|#|Delay15_blocksEventScanner run -------------------
2024-11-30T13:46:00,117|#|INFO|#|16688|#|task-1|#|com.taibiex.stakingservice.common.chain.contract.listener.impl.BlockEventListener.blocksEventScanner:202|#|Delay15_blocksEventScanner run block [821,831] 
2024-11-30T13:46:00,262|#|INFO|#|16688|#|task-3|#|com.taibiex.stakingservice.common.chain.contract.listener.impl.BlockEventListener.filterEvents:228|#|Delay100_filterEvents size: 0
2024-11-30T13:46:00,300|#|INFO|#|16688|#|task-2|#|com.taibiex.stakingservice.common.chain.contract.listener.impl.BlockEventListener.filterEvents:228|#|Delay0_filterEvents size: 0
2024-11-30T13:46:00,371|#|INFO|#|16688|#|task-3|#|com.taibiex.stakingservice.common.chain.contract.listener.impl.BlockEventListener.blocksEventScanner:194|#|Delay100_blocksEventScanner run -------------------
2024-11-30T13:46:00,371|#|INFO|#|16688|#|task-3|#|com.taibiex.stakingservice.common.chain.contract.listener.impl.BlockEventListener.blocksEventScanner:202|#|Delay100_blocksEventScanner run block [801,811] 
2024-11-30T13:46:00,372|#|INFO|#|16688|#|task-1|#|com.taibiex.stakingservice.common.chain.contract.listener.impl.BlockEventListener.filterEvents:228|#|Delay15_filterEvents size: 0
2024-11-30T13:46:00,406|#|INFO|#|16688|#|task-2|#|com.taibiex.stakingservice.common.chain.contract.listener.impl.BlockEventListener.blocksEventScanner:194|#|Delay0_blocksEventScanner run -------------------
2024-11-30T13:46:00,406|#|INFO|#|16688|#|task-2|#|com.taibiex.stakingservice.common.chain.contract.listener.impl.BlockEventListener.blocksEventScanner:202|#|Delay0_blocksEventScanner run block [981,991] 
2024-11-30T13:46:00,477|#|INFO|#|16688|#|task-1|#|com.taibiex.stakingservice.common.chain.contract.listener.impl.BlockEventListener.blocksEventScanner:194|#|Delay15_blocksEventScanner run -------------------
2024-11-30T13:46:00,477|#|INFO|#|16688|#|task-1|#|com.taibiex.stakingservice.common.chain.contract.listener.impl.BlockEventListener.blocksEventScanner:202|#|Delay15_blocksEventScanner run block [831,841] 
2024-11-30T13:46:00,669|#|INFO|#|16688|#|task-3|#|com.taibiex.stakingservice.common.chain.contract.listener.impl.BlockEventListener.filterEvents:228|#|Delay100_filterEvents size: 0
2024-11-30T13:46:00,689|#|INFO|#|16688|#|task-2|#|com.taibiex.stakingservice.common.chain.contract.listener.impl.BlockEventListener.filterEvents:228|#|Delay0_filterEvents size: 0
2024-11-30T13:46:00,745|#|INFO|#|16688|#|task-1|#|com.taibiex.stakingservice.common.chain.contract.listener.impl.BlockEventListener.filterEvents:228|#|Delay15_filterEvents size: 0
2024-11-30T13:46:00,787|#|INFO|#|16688|#|task-3|#|com.taibiex.stakingservice.common.chain.contract.listener.impl.BlockEventListener.blocksEventScanner:194|#|Delay100_blocksEventScanner run -------------------
2024-11-30T13:46:00,787|#|INFO|#|16688|#|task-3|#|com.taibiex.stakingservice.common.chain.contract.listener.impl.BlockEventListener.blocksEventScanner:202|#|Delay100_blocksEventScanner run block [811,821] 
2024-11-30T13:46:00,802|#|INFO|#|16688|#|task-2|#|com.taibiex.stakingservice.common.chain.contract.listener.impl.BlockEventListener.blocksEventScanner:194|#|Delay0_blocksEventScanner run -------------------
2024-11-30T13:46:00,802|#|INFO|#|16688|#|task-2|#|com.taibiex.stakingservice.common.chain.contract.listener.impl.BlockEventListener.blocksEventScanner:202|#|Delay0_blocksEventScanner run block [991,1001] 
2024-11-30T13:46:00,864|#|INFO|#|16688|#|task-1|#|com.taibiex.stakingservice.common.chain.contract.listener.impl.BlockEventListener.blocksEventScanner:194|#|Delay15_blocksEventScanner run -------------------
2024-11-30T13:46:00,864|#|INFO|#|16688|#|task-1|#|com.taibiex.stakingservice.common.chain.contract.listener.impl.BlockEventListener.blocksEventScanner:202|#|Delay15_blocksEventScanner run block [841,851] 
2024-11-30T13:46:01,078|#|INFO|#|16688|#|task-2|#|com.taibiex.stakingservice.common.chain.contract.listener.impl.BlockEventListener.filterEvents:228|#|Delay0_filterEvents size: 0
2024-11-30T13:46:01,096|#|INFO|#|16688|#|task-3|#|com.taibiex.stakingservice.common.chain.contract.listener.impl.BlockEventListener.filterEvents:228|#|Delay100_filterEvents size: 0
2024-11-30T13:46:01,126|#|INFO|#|16688|#|task-1|#|com.taibiex.stakingservice.common.chain.contract.listener.impl.BlockEventListener.filterEvents:228|#|Delay15_filterEvents size: 0
2024-11-30T13:46:01,186|#|INFO|#|16688|#|task-2|#|com.taibiex.stakingservice.common.chain.contract.listener.impl.BlockEventListener.blocksEventScanner:194|#|Delay0_blocksEventScanner run -------------------
2024-11-30T13:46:01,186|#|INFO|#|16688|#|task-2|#|com.taibiex.stakingservice.common.chain.contract.listener.impl.BlockEventListener.blocksEventScanner:202|#|Delay0_blocksEventScanner run block [1001,1011] 
2024-11-30T13:46:01,202|#|INFO|#|16688|#|task-3|#|com.taibiex.stakingservice.common.chain.contract.listener.impl.BlockEventListener.blocksEventScanner:194|#|Delay100_blocksEventScanner run -------------------
2024-11-30T13:46:01,202|#|INFO|#|16688|#|task-3|#|com.taibiex.stakingservice.common.chain.contract.listener.impl.BlockEventListener.blocksEventScanner:202|#|Delay100_blocksEventScanner run block [821,831] 
2024-11-30T13:46:01,233|#|INFO|#|16688|#|task-1|#|com.taibiex.stakingservice.common.chain.contract.listener.impl.BlockEventListener.blocksEventScanner:194|#|Delay15_blocksEventScanner run -------------------
2024-11-30T13:46:01,233|#|INFO|#|16688|#|task-1|#|com.taibiex.stakingservice.common.chain.contract.listener.impl.BlockEventListener.blocksEventScanner:202|#|Delay15_blocksEventScanner run block [851,861] 
2024-11-30T13:46:01,466|#|INFO|#|16688|#|task-2|#|com.taibiex.stakingservice.common.chain.contract.listener.impl.BlockEventListener.filterEvents:228|#|Delay0_filterEvents size: 0
2024-11-30T13:46:01,488|#|INFO|#|16688|#|task-3|#|com.taibiex.stakingservice.common.chain.contract.listener.impl.BlockEventListener.filterEvents:228|#|Delay100_filterEvents size: 0
2024-11-30T13:46:01,510|#|INFO|#|16688|#|task-1|#|com.taibiex.stakingservice.common.chain.contract.listener.impl.BlockEventListener.filterEvents:228|#|Delay15_filterEvents size: 0
2024-11-30T13:46:01,570|#|INFO|#|16688|#|task-2|#|com.taibiex.stakingservice.common.chain.contract.listener.impl.BlockEventListener.blocksEventScanner:194|#|Delay0_blocksEventScanner run -------------------
2024-11-30T13:46:01,570|#|INFO|#|16688|#|task-2|#|com.taibiex.stakingservice.common.chain.contract.listener.impl.BlockEventListener.blocksEventScanner:202|#|Delay0_blocksEventScanner run block [1011,1021] 
2024-11-30T13:46:01,600|#|INFO|#|16688|#|task-3|#|com.taibiex.stakingservice.common.chain.contract.listener.impl.BlockEventListener.blocksEventScanner:194|#|Delay100_blocksEventScanner run -------------------
2024-11-30T13:46:01,600|#|INFO|#|16688|#|task-3|#|com.taibiex.stakingservice.common.chain.contract.listener.impl.BlockEventListener.blocksEventScanner:202|#|Delay100_blocksEventScanner run block [831,841] 
2024-11-30T13:46:01,616|#|INFO|#|16688|#|task-1|#|com.taibiex.stakingservice.common.chain.contract.listener.impl.BlockEventListener.blocksEventScanner:194|#|Delay15_blocksEventScanner run -------------------
2024-11-30T13:46:01,616|#|INFO|#|16688|#|task-1|#|com.taibiex.stakingservice.common.chain.contract.listener.impl.BlockEventListener.blocksEventScanner:202|#|Delay15_blocksEventScanner run block [861,871] 
2024-11-30T13:46:01,842|#|INFO|#|16688|#|task-2|#|com.taibiex.stakingservice.common.chain.contract.listener.impl.BlockEventListener.filterEvents:228|#|Delay0_filterEvents size: 0
2024-11-30T13:46:01,863|#|INFO|#|16688|#|task-3|#|com.taibiex.stakingservice.common.chain.contract.listener.impl.BlockEventListener.filterEvents:228|#|Delay100_filterEvents size: 0
2024-11-30T13:46:01,884|#|INFO|#|16688|#|task-1|#|com.taibiex.stakingservice.common.chain.contract.listener.impl.BlockEventListener.filterEvents:228|#|Delay15_filterEvents size: 0
2024-11-30T13:46:01,954|#|INFO|#|16688|#|task-2|#|com.taibiex.stakingservice.common.chain.contract.listener.impl.BlockEventListener.blocksEventScanner:194|#|Delay0_blocksEventScanner run -------------------
2024-11-30T13:46:01,954|#|INFO|#|16688|#|task-2|#|com.taibiex.stakingservice.common.chain.contract.listener.impl.BlockEventListener.blocksEventScanner:202|#|Delay0_blocksEventScanner run block [1021,1031] 
2024-11-30T13:46:01,969|#|INFO|#|16688|#|task-3|#|com.taibiex.stakingservice.common.chain.contract.listener.impl.BlockEventListener.blocksEventScanner:194|#|Delay100_blocksEventScanner run -------------------
2024-11-30T13:46:01,969|#|INFO|#|16688|#|task-3|#|com.taibiex.stakingservice.common.chain.contract.listener.impl.BlockEventListener.blocksEventScanner:202|#|Delay100_blocksEventScanner run block [841,851] 
2024-11-30T13:46:01,999|#|INFO|#|16688|#|task-1|#|com.taibiex.stakingservice.common.chain.contract.listener.impl.BlockEventListener.blocksEventScanner:194|#|Delay15_blocksEventScanner run -------------------
2024-11-30T13:46:01,999|#|INFO|#|16688|#|task-1|#|com.taibiex.stakingservice.common.chain.contract.listener.impl.BlockEventListener.blocksEventScanner:202|#|Delay15_blocksEventScanner run block [871,881] 
2024-11-30T13:46:02,222|#|INFO|#|16688|#|task-2|#|com.taibiex.stakingservice.common.chain.contract.listener.impl.BlockEventListener.filterEvents:228|#|Delay0_filterEvents size: 0
2024-11-30T13:46:02,254|#|INFO|#|16688|#|task-3|#|com.taibiex.stakingservice.common.chain.contract.listener.impl.BlockEventListener.filterEvents:228|#|Delay100_filterEvents size: 0
2024-11-30T13:46:02,254|#|INFO|#|16688|#|task-1|#|com.taibiex.stakingservice.common.chain.contract.listener.impl.BlockEventListener.filterEvents:228|#|Delay15_filterEvents size: 0
2024-11-30T13:46:02,339|#|INFO|#|16688|#|task-2|#|com.taibiex.stakingservice.common.chain.contract.listener.impl.BlockEventListener.blocksEventScanner:194|#|Delay0_blocksEventScanner run -------------------
2024-11-30T13:46:02,339|#|INFO|#|16688|#|task-2|#|com.taibiex.stakingservice.common.chain.contract.listener.impl.BlockEventListener.blocksEventScanner:202|#|Delay0_blocksEventScanner run block [1031,1041] 
2024-11-30T13:46:02,370|#|INFO|#|16688|#|task-1|#|com.taibiex.stakingservice.common.chain.contract.listener.impl.BlockEventListener.blocksEventScanner:194|#|Delay15_blocksEventScanner run -------------------
2024-11-30T13:46:02,370|#|INFO|#|16688|#|task-3|#|com.taibiex.stakingservice.common.chain.contract.listener.impl.BlockEventListener.blocksEventScanner:194|#|Delay100_blocksEventScanner run -------------------
2024-11-30T13:46:02,370|#|INFO|#|16688|#|task-1|#|com.taibiex.stakingservice.common.chain.contract.listener.impl.BlockEventListener.blocksEventScanner:202|#|Delay15_blocksEventScanner run block [881,891] 
2024-11-30T13:46:02,370|#|INFO|#|16688|#|task-3|#|com.taibiex.stakingservice.common.chain.contract.listener.impl.BlockEventListener.blocksEventScanner:202|#|Delay100_blocksEventScanner run block [851,861] 
2024-11-30T13:46:02,603|#|INFO|#|16688|#|task-2|#|com.taibiex.stakingservice.common.chain.contract.listener.impl.BlockEventListener.filterEvents:228|#|Delay0_filterEvents size: 0
2024-11-30T13:46:02,647|#|INFO|#|16688|#|task-1|#|com.taibiex.stakingservice.common.chain.contract.listener.impl.BlockEventListener.filterEvents:228|#|Delay15_filterEvents size: 0
2024-11-30T13:46:02,649|#|INFO|#|16688|#|task-3|#|com.taibiex.stakingservice.common.chain.contract.listener.impl.BlockEventListener.filterEvents:228|#|Delay100_filterEvents size: 0
2024-11-30T13:46:02,708|#|INFO|#|16688|#|task-2|#|com.taibiex.stakingservice.common.chain.contract.listener.impl.BlockEventListener.blocksEventScanner:194|#|Delay0_blocksEventScanner run -------------------
2024-11-30T13:46:02,708|#|INFO|#|16688|#|task-2|#|com.taibiex.stakingservice.common.chain.contract.listener.impl.BlockEventListener.blocksEventScanner:202|#|Delay0_blocksEventScanner run block [1041,1051] 
2024-11-30T13:46:02,756|#|INFO|#|16688|#|task-3|#|com.taibiex.stakingservice.common.chain.contract.listener.impl.BlockEventListener.blocksEventScanner:194|#|Delay100_blocksEventScanner run -------------------
2024-11-30T13:46:02,756|#|INFO|#|16688|#|task-3|#|com.taibiex.stakingservice.common.chain.contract.listener.impl.BlockEventListener.blocksEventScanner:202|#|Delay100_blocksEventScanner run block [861,871] 
2024-11-30T13:46:02,756|#|INFO|#|16688|#|task-1|#|com.taibiex.stakingservice.common.chain.contract.listener.impl.BlockEventListener.blocksEventScanner:194|#|Delay15_blocksEventScanner run -------------------
2024-11-30T13:46:02,756|#|INFO|#|16688|#|task-1|#|com.taibiex.stakingservice.common.chain.contract.listener.impl.BlockEventListener.blocksEventScanner:202|#|Delay15_blocksEventScanner run block [891,901] 
2024-11-30T13:46:02,993|#|INFO|#|16688|#|task-2|#|com.taibiex.stakingservice.common.chain.contract.listener.impl.BlockEventListener.filterEvents:228|#|Delay0_filterEvents size: 0
2024-11-30T13:46:03,002|#|INFO|#|16688|#|task-3|#|com.taibiex.stakingservice.common.chain.contract.listener.impl.BlockEventListener.filterEvents:228|#|Delay100_filterEvents size: 0
2024-11-30T13:46:03,009|#|INFO|#|16688|#|task-1|#|com.taibiex.stakingservice.common.chain.contract.listener.impl.BlockEventListener.filterEvents:228|#|Delay15_filterEvents size: 0
2024-11-30T13:46:03,110|#|INFO|#|16688|#|task-3|#|com.taibiex.stakingservice.common.chain.contract.listener.impl.BlockEventListener.blocksEventScanner:194|#|Delay100_blocksEventScanner run -------------------
2024-11-30T13:46:03,110|#|INFO|#|16688|#|task-2|#|com.taibiex.stakingservice.common.chain.contract.listener.impl.BlockEventListener.blocksEventScanner:194|#|Delay0_blocksEventScanner run -------------------
2024-11-30T13:46:03,110|#|INFO|#|16688|#|task-3|#|com.taibiex.stakingservice.common.chain.contract.listener.impl.BlockEventListener.blocksEventScanner:202|#|Delay100_blocksEventScanner run block [871,881] 
2024-11-30T13:46:03,110|#|INFO|#|16688|#|task-2|#|com.taibiex.stakingservice.common.chain.contract.listener.impl.BlockEventListener.blocksEventScanner:202|#|Delay0_blocksEventScanner run block [1051,1061] 
2024-11-30T13:46:03,126|#|INFO|#|16688|#|task-1|#|com.taibiex.stakingservice.common.chain.contract.listener.impl.BlockEventListener.blocksEventScanner:194|#|Delay15_blocksEventScanner run -------------------
2024-11-30T13:46:03,126|#|INFO|#|16688|#|task-1|#|com.taibiex.stakingservice.common.chain.contract.listener.impl.BlockEventListener.blocksEventScanner:202|#|Delay15_blocksEventScanner run block [901,911] 
2024-11-30T13:46:03,363|#|INFO|#|16688|#|task-3|#|com.taibiex.stakingservice.common.chain.contract.listener.impl.BlockEventListener.filterEvents:228|#|Delay100_filterEvents size: 0
2024-11-30T13:46:03,374|#|INFO|#|16688|#|task-1|#|com.taibiex.stakingservice.common.chain.contract.listener.impl.BlockEventListener.filterEvents:228|#|Delay15_filterEvents size: 0
2024-11-30T13:46:03,437|#|INFO|#|16688|#|task-2|#|com.taibiex.stakingservice.common.chain.contract.listener.impl.BlockEventListener.filterEvents:228|#|Delay0_filterEvents size: 0
2024-11-30T13:46:03,480|#|INFO|#|16688|#|task-1|#|com.taibiex.stakingservice.common.chain.contract.listener.impl.BlockEventListener.blocksEventScanner:194|#|Delay15_blocksEventScanner run -------------------
2024-11-30T13:46:03,480|#|INFO|#|16688|#|task-3|#|com.taibiex.stakingservice.common.chain.contract.listener.impl.BlockEventListener.blocksEventScanner:194|#|Delay100_blocksEventScanner run -------------------
2024-11-30T13:46:03,480|#|INFO|#|16688|#|task-1|#|com.taibiex.stakingservice.common.chain.contract.listener.impl.BlockEventListener.blocksEventScanner:202|#|Delay15_blocksEventScanner run block [911,921] 
2024-11-30T13:46:03,480|#|INFO|#|16688|#|task-3|#|com.taibiex.stakingservice.common.chain.contract.listener.impl.BlockEventListener.blocksEventScanner:202|#|Delay100_blocksEventScanner run block [881,891] 
2024-11-30T13:46:03,542|#|INFO|#|16688|#|task-2|#|com.taibiex.stakingservice.common.chain.contract.listener.impl.BlockEventListener.blocksEventScanner:194|#|Delay0_blocksEventScanner run -------------------
2024-11-30T13:46:03,542|#|INFO|#|16688|#|task-2|#|com.taibiex.stakingservice.common.chain.contract.listener.impl.BlockEventListener.blocksEventScanner:202|#|Delay0_blocksEventScanner run block [1061,1071] 
2024-11-30T13:46:03,728|#|INFO|#|16688|#|task-3|#|com.taibiex.stakingservice.common.chain.contract.listener.impl.BlockEventListener.filterEvents:228|#|Delay100_filterEvents size: 0
2024-11-30T13:46:03,793|#|INFO|#|16688|#|task-1|#|com.taibiex.stakingservice.common.chain.contract.listener.impl.BlockEventListener.filterEvents:228|#|Delay15_filterEvents size: 0
2024-11-30T13:46:03,834|#|INFO|#|16688|#|task-3|#|com.taibiex.stakingservice.common.chain.contract.listener.impl.BlockEventListener.blocksEventScanner:194|#|Delay100_blocksEventScanner run -------------------
2024-11-30T13:46:03,834|#|INFO|#|16688|#|task-3|#|com.taibiex.stakingservice.common.chain.contract.listener.impl.BlockEventListener.blocksEventScanner:202|#|Delay100_blocksEventScanner run block [891,901] 
2024-11-30T13:46:03,880|#|INFO|#|16688|#|task-2|#|com.taibiex.stakingservice.common.chain.contract.listener.impl.BlockEventListener.filterEvents:228|#|Delay0_filterEvents size: 0
2024-11-30T13:46:03,912|#|INFO|#|16688|#|task-1|#|com.taibiex.stakingservice.common.chain.contract.listener.impl.BlockEventListener.blocksEventScanner:194|#|Delay15_blocksEventScanner run -------------------
2024-11-30T13:46:03,912|#|INFO|#|16688|#|task-1|#|com.taibiex.stakingservice.common.chain.contract.listener.impl.BlockEventListener.blocksEventScanner:202|#|Delay15_blocksEventScanner run block [921,931] 
2024-11-30T13:46:03,990|#|INFO|#|16688|#|task-2|#|com.taibiex.stakingservice.common.chain.contract.listener.impl.BlockEventListener.blocksEventScanner:194|#|Delay0_blocksEventScanner run -------------------
2024-11-30T13:46:03,990|#|INFO|#|16688|#|task-2|#|com.taibiex.stakingservice.common.chain.contract.listener.impl.BlockEventListener.blocksEventScanner:202|#|Delay0_blocksEventScanner run block [1071,1081] 
2024-11-30T13:46:04,103|#|INFO|#|16688|#|task-3|#|com.taibiex.stakingservice.common.chain.contract.listener.impl.BlockEventListener.filterEvents:228|#|Delay100_filterEvents size: 0
2024-11-30T13:46:04,169|#|INFO|#|16688|#|task-1|#|com.taibiex.stakingservice.common.chain.contract.listener.impl.BlockEventListener.filterEvents:228|#|Delay15_filterEvents size: 0
2024-11-30T13:46:04,208|#|INFO|#|16688|#|task-3|#|com.taibiex.stakingservice.common.chain.contract.listener.impl.BlockEventListener.blocksEventScanner:194|#|Delay100_blocksEventScanner run -------------------
2024-11-30T13:46:04,208|#|INFO|#|16688|#|task-3|#|com.taibiex.stakingservice.common.chain.contract.listener.impl.BlockEventListener.blocksEventScanner:202|#|Delay100_blocksEventScanner run block [901,911] 
2024-11-30T13:46:04,273|#|INFO|#|16688|#|task-2|#|com.taibiex.stakingservice.common.chain.contract.listener.impl.BlockEventListener.filterEvents:228|#|Delay0_filterEvents size: 0
2024-11-30T13:46:04,284|#|INFO|#|16688|#|task-1|#|com.taibiex.stakingservice.common.chain.contract.listener.impl.BlockEventListener.blocksEventScanner:194|#|Delay15_blocksEventScanner run -------------------
2024-11-30T13:46:04,284|#|INFO|#|16688|#|task-1|#|com.taibiex.stakingservice.common.chain.contract.listener.impl.BlockEventListener.blocksEventScanner:202|#|Delay15_blocksEventScanner run block [931,941] 
2024-11-30T13:46:04,391|#|INFO|#|16688|#|task-2|#|com.taibiex.stakingservice.common.chain.contract.listener.impl.BlockEventListener.blocksEventScanner:194|#|Delay0_blocksEventScanner run -------------------
2024-11-30T13:46:04,391|#|INFO|#|16688|#|task-2|#|com.taibiex.stakingservice.common.chain.contract.listener.impl.BlockEventListener.blocksEventScanner:202|#|Delay0_blocksEventScanner run block [1081,1091] 
2024-11-30T13:46:04,490|#|INFO|#|16688|#|task-3|#|com.taibiex.stakingservice.common.chain.contract.listener.impl.BlockEventListener.filterEvents:228|#|Delay100_filterEvents size: 0
2024-11-30T13:46:04,550|#|INFO|#|16688|#|task-1|#|com.taibiex.stakingservice.common.chain.contract.listener.impl.BlockEventListener.filterEvents:228|#|Delay15_filterEvents size: 0
2024-11-30T13:46:04,593|#|INFO|#|16688|#|task-3|#|com.taibiex.stakingservice.common.chain.contract.listener.impl.BlockEventListener.blocksEventScanner:194|#|Delay100_blocksEventScanner run -------------------
2024-11-30T13:46:04,593|#|INFO|#|16688|#|task-3|#|com.taibiex.stakingservice.common.chain.contract.listener.impl.BlockEventListener.blocksEventScanner:202|#|Delay100_blocksEventScanner run block [911,921] 
2024-11-30T13:46:04,655|#|INFO|#|16688|#|task-1|#|com.taibiex.stakingservice.common.chain.contract.listener.impl.BlockEventListener.blocksEventScanner:194|#|Delay15_blocksEventScanner run -------------------
2024-11-30T13:46:04,655|#|INFO|#|16688|#|task-1|#|com.taibiex.stakingservice.common.chain.contract.listener.impl.BlockEventListener.blocksEventScanner:202|#|Delay15_blocksEventScanner run block [941,951] 
2024-11-30T13:46:04,667|#|INFO|#|16688|#|task-2|#|com.taibiex.stakingservice.common.chain.contract.listener.impl.BlockEventListener.filterEvents:228|#|Delay0_filterEvents size: 0
2024-11-30T13:46:04,779|#|INFO|#|16688|#|task-2|#|com.taibiex.stakingservice.common.chain.contract.listener.impl.BlockEventListener.blocksEventScanner:194|#|Delay0_blocksEventScanner run -------------------
2024-11-30T13:46:04,779|#|INFO|#|16688|#|task-2|#|com.taibiex.stakingservice.common.chain.contract.listener.impl.BlockEventListener.blocksEventScanner:202|#|Delay0_blocksEventScanner run block [1091,1101] 
2024-11-30T13:46:04,842|#|INFO|#|16688|#|task-3|#|com.taibiex.stakingservice.common.chain.contract.listener.impl.BlockEventListener.filterEvents:228|#|Delay100_filterEvents size: 0
2024-11-30T13:46:04,906|#|INFO|#|16688|#|task-1|#|com.taibiex.stakingservice.common.chain.contract.listener.impl.BlockEventListener.filterEvents:228|#|Delay15_filterEvents size: 0
2024-11-30T13:46:04,947|#|INFO|#|16688|#|task-3|#|com.taibiex.stakingservice.common.chain.contract.listener.impl.BlockEventListener.blocksEventScanner:194|#|Delay100_blocksEventScanner run -------------------
2024-11-30T13:46:04,947|#|INFO|#|16688|#|task-3|#|com.taibiex.stakingservice.common.chain.contract.listener.impl.BlockEventListener.blocksEventScanner:202|#|Delay100_blocksEventScanner run block [921,931] 
2024-11-30T13:46:05,023|#|INFO|#|16688|#|task-1|#|com.taibiex.stakingservice.common.chain.contract.listener.impl.BlockEventListener.blocksEventScanner:194|#|Delay15_blocksEventScanner run -------------------
2024-11-30T13:46:05,023|#|INFO|#|16688|#|task-1|#|com.taibiex.stakingservice.common.chain.contract.listener.impl.BlockEventListener.blocksEventScanner:202|#|Delay15_blocksEventScanner run block [951,961] 
2024-11-30T13:46:05,059|#|INFO|#|16688|#|task-2|#|com.taibiex.stakingservice.common.chain.contract.listener.impl.BlockEventListener.filterEvents:228|#|Delay0_filterEvents size: 0
2024-11-30T13:46:05,163|#|INFO|#|16688|#|task-2|#|com.taibiex.stakingservice.common.chain.contract.listener.impl.BlockEventListener.blocksEventScanner:194|#|Delay0_blocksEventScanner run -------------------
2024-11-30T13:46:05,163|#|INFO|#|16688|#|task-2|#|com.taibiex.stakingservice.common.chain.contract.listener.impl.BlockEventListener.blocksEventScanner:202|#|Delay0_blocksEventScanner run block [1101,1111] 
2024-11-30T13:46:05,226|#|INFO|#|16688|#|task-3|#|com.taibiex.stakingservice.common.chain.contract.listener.impl.BlockEventListener.filterEvents:228|#|Delay100_filterEvents size: 0
2024-11-30T13:46:05,278|#|INFO|#|16688|#|task-1|#|com.taibiex.stakingservice.common.chain.contract.listener.impl.BlockEventListener.filterEvents:228|#|Delay15_filterEvents size: 0
2024-11-30T13:46:05,334|#|INFO|#|16688|#|task-3|#|com.taibiex.stakingservice.common.chain.contract.listener.impl.BlockEventListener.blocksEventScanner:194|#|Delay100_blocksEventScanner run -------------------
2024-11-30T13:46:05,334|#|INFO|#|16688|#|task-3|#|com.taibiex.stakingservice.common.chain.contract.listener.impl.BlockEventListener.blocksEventScanner:202|#|Delay100_blocksEventScanner run block [931,941] 
2024-11-30T13:46:05,396|#|INFO|#|16688|#|task-1|#|com.taibiex.stakingservice.common.chain.contract.listener.impl.BlockEventListener.blocksEventScanner:194|#|Delay15_blocksEventScanner run -------------------
2024-11-30T13:46:05,396|#|INFO|#|16688|#|task-1|#|com.taibiex.stakingservice.common.chain.contract.listener.impl.BlockEventListener.blocksEventScanner:202|#|Delay15_blocksEventScanner run block [961,971] 
2024-11-30T13:46:05,441|#|INFO|#|16688|#|task-2|#|com.taibiex.stakingservice.common.chain.contract.listener.impl.BlockEventListener.filterEvents:228|#|Delay0_filterEvents size: 0
2024-11-30T13:46:05,552|#|INFO|#|16688|#|task-2|#|com.taibiex.stakingservice.common.chain.contract.listener.impl.BlockEventListener.blocksEventScanner:194|#|Delay0_blocksEventScanner run -------------------
2024-11-30T13:46:05,552|#|INFO|#|16688|#|task-2|#|com.taibiex.stakingservice.common.chain.contract.listener.impl.BlockEventListener.blocksEventScanner:202|#|Delay0_blocksEventScanner run block [1111,1121] 
2024-11-30T13:46:05,603|#|INFO|#|16688|#|task-3|#|com.taibiex.stakingservice.common.chain.contract.listener.impl.BlockEventListener.filterEvents:228|#|Delay100_filterEvents size: 0
2024-11-30T13:46:05,666|#|INFO|#|16688|#|task-1|#|com.taibiex.stakingservice.common.chain.contract.listener.impl.BlockEventListener.filterEvents:228|#|Delay15_filterEvents size: 0
2024-11-30T13:46:05,708|#|INFO|#|16688|#|task-3|#|com.taibiex.stakingservice.common.chain.contract.listener.impl.BlockEventListener.blocksEventScanner:194|#|Delay100_blocksEventScanner run -------------------
2024-11-30T13:46:05,708|#|INFO|#|16688|#|task-3|#|com.taibiex.stakingservice.common.chain.contract.listener.impl.BlockEventListener.blocksEventScanner:202|#|Delay100_blocksEventScanner run block [941,951] 
2024-11-30T13:46:05,771|#|INFO|#|16688|#|task-1|#|com.taibiex.stakingservice.common.chain.contract.listener.impl.BlockEventListener.blocksEventScanner:194|#|Delay15_blocksEventScanner run -------------------
2024-11-30T13:46:05,771|#|INFO|#|16688|#|task-1|#|com.taibiex.stakingservice.common.chain.contract.listener.impl.BlockEventListener.blocksEventScanner:202|#|Delay15_blocksEventScanner run block [971,981] 
2024-11-30T13:46:05,832|#|INFO|#|16688|#|task-2|#|com.taibiex.stakingservice.common.chain.contract.listener.impl.BlockEventListener.filterEvents:228|#|Delay0_filterEvents size: 0
2024-11-30T13:46:05,940|#|INFO|#|16688|#|task-2|#|com.taibiex.stakingservice.common.chain.contract.listener.impl.BlockEventListener.blocksEventScanner:194|#|Delay0_blocksEventScanner run -------------------
2024-11-30T13:46:05,940|#|INFO|#|16688|#|task-2|#|com.taibiex.stakingservice.common.chain.contract.listener.impl.BlockEventListener.blocksEventScanner:202|#|Delay0_blocksEventScanner run block [1121,1131] 
2024-11-30T13:46:05,996|#|INFO|#|16688|#|task-3|#|com.taibiex.stakingservice.common.chain.contract.listener.impl.BlockEventListener.filterEvents:228|#|Delay100_filterEvents size: 0
2024-11-30T13:46:06,002|#|WARN|#|16688|#|task-4|#|com.taibiex.stakingservice.common.chain.contract.task.listener.TasksListener.scanBlockEvent:45|#|区块链事件扫描任务 已经在执行,等待执行完成...
2024-11-30T13:46:06,046|#|INFO|#|16688|#|task-1|#|com.taibiex.stakingservice.common.chain.contract.listener.impl.BlockEventListener.filterEvents:228|#|Delay15_filterEvents size: 0
2024-11-30T13:46:06,112|#|INFO|#|16688|#|task-3|#|com.taibiex.stakingservice.common.chain.contract.listener.impl.BlockEventListener.blocksEventScanner:194|#|Delay100_blocksEventScanner run -------------------
2024-11-30T13:46:06,112|#|INFO|#|16688|#|task-3|#|com.taibiex.stakingservice.common.chain.contract.listener.impl.BlockEventListener.blocksEventScanner:202|#|Delay100_blocksEventScanner run block [951,961] 
2024-11-30T13:46:06,158|#|INFO|#|16688|#|task-1|#|com.taibiex.stakingservice.common.chain.contract.listener.impl.BlockEventListener.blocksEventScanner:194|#|Delay15_blocksEventScanner run -------------------
2024-11-30T13:46:06,158|#|INFO|#|16688|#|task-1|#|com.taibiex.stakingservice.common.chain.contract.listener.impl.BlockEventListener.blocksEventScanner:202|#|Delay15_blocksEventScanner run block [981,991] 
2024-11-30T13:46:06,228|#|INFO|#|16688|#|task-2|#|com.taibiex.stakingservice.common.chain.contract.listener.impl.BlockEventListener.filterEvents:228|#|Delay0_filterEvents size: 0
2024-11-30T13:46:06,342|#|INFO|#|16688|#|task-2|#|com.taibiex.stakingservice.common.chain.contract.listener.impl.BlockEventListener.blocksEventScanner:194|#|Delay0_blocksEventScanner run -------------------
2024-11-30T13:46:06,342|#|INFO|#|16688|#|task-2|#|com.taibiex.stakingservice.common.chain.contract.listener.impl.BlockEventListener.blocksEventScanner:202|#|Delay0_blocksEventScanner run block [1131,1141] 
2024-11-30T13:46:06,359|#|INFO|#|16688|#|task-3|#|com.taibiex.stakingservice.common.chain.contract.listener.impl.BlockEventListener.filterEvents:228|#|Delay100_filterEvents size: 0
2024-11-30T13:46:06,438|#|INFO|#|16688|#|task-1|#|com.taibiex.stakingservice.common.chain.contract.listener.impl.BlockEventListener.filterEvents:228|#|Delay15_filterEvents size: 0
2024-11-30T13:46:06,464|#|INFO|#|16688|#|task-3|#|com.taibiex.stakingservice.common.chain.contract.listener.impl.BlockEventListener.blocksEventScanner:194|#|Delay100_blocksEventScanner run -------------------
2024-11-30T13:46:06,464|#|INFO|#|16688|#|task-3|#|com.taibiex.stakingservice.common.chain.contract.listener.impl.BlockEventListener.blocksEventScanner:202|#|Delay100_blocksEventScanner run block [961,971] 
2024-11-30T13:46:06,556|#|INFO|#|16688|#|task-1|#|com.taibiex.stakingservice.common.chain.contract.listener.impl.BlockEventListener.blocksEventScanner:194|#|Delay15_blocksEventScanner run -------------------
2024-11-30T13:46:06,556|#|INFO|#|16688|#|task-1|#|com.taibiex.stakingservice.common.chain.contract.listener.impl.BlockEventListener.blocksEventScanner:202|#|Delay15_blocksEventScanner run block [991,1001] 
2024-11-30T13:46:06,626|#|INFO|#|16688|#|task-2|#|com.taibiex.stakingservice.common.chain.contract.listener.impl.BlockEventListener.filterEvents:228|#|Delay0_filterEvents size: 0
2024-11-30T13:46:06,739|#|INFO|#|16688|#|task-2|#|com.taibiex.stakingservice.common.chain.contract.listener.impl.BlockEventListener.blocksEventScanner:194|#|Delay0_blocksEventScanner run -------------------
2024-11-30T13:46:06,739|#|INFO|#|16688|#|task-2|#|com.taibiex.stakingservice.common.chain.contract.listener.impl.BlockEventListener.blocksEventScanner:202|#|Delay0_blocksEventScanner run block [1141,1151] 
2024-11-30T13:46:06,739|#|INFO|#|16688|#|task-3|#|com.taibiex.stakingservice.common.chain.contract.listener.impl.BlockEventListener.filterEvents:228|#|Delay100_filterEvents size: 0
2024-11-30T13:46:06,821|#|INFO|#|16688|#|task-1|#|com.taibiex.stakingservice.common.chain.contract.listener.impl.BlockEventListener.filterEvents:228|#|Delay15_filterEvents size: 0
2024-11-30T13:46:06,848|#|INFO|#|16688|#|task-3|#|com.taibiex.stakingservice.common.chain.contract.listener.impl.BlockEventListener.blocksEventScanner:194|#|Delay100_blocksEventScanner run -------------------
2024-11-30T13:46:06,848|#|INFO|#|16688|#|task-3|#|com.taibiex.stakingservice.common.chain.contract.listener.impl.BlockEventListener.blocksEventScanner:202|#|Delay100_blocksEventScanner run block [971,981] 
2024-11-30T13:46:06,925|#|INFO|#|16688|#|task-1|#|com.taibiex.stakingservice.common.chain.contract.listener.impl.BlockEventListener.blocksEventScanner:194|#|Delay15_blocksEventScanner run -------------------
2024-11-30T13:46:06,925|#|INFO|#|16688|#|task-1|#|com.taibiex.stakingservice.common.chain.contract.listener.impl.BlockEventListener.blocksEventScanner:202|#|Delay15_blocksEventScanner run block [1001,1011] 
2024-11-30T13:46:07,020|#|INFO|#|16688|#|task-2|#|com.taibiex.stakingservice.common.chain.contract.listener.impl.BlockEventListener.filterEvents:228|#|Delay0_filterEvents size: 0
2024-11-30T13:46:07,100|#|INFO|#|16688|#|task-3|#|com.taibiex.stakingservice.common.chain.contract.listener.impl.BlockEventListener.filterEvents:228|#|Delay100_filterEvents size: 0
2024-11-30T13:46:07,124|#|INFO|#|16688|#|task-2|#|com.taibiex.stakingservice.common.chain.contract.listener.impl.BlockEventListener.blocksEventScanner:194|#|Delay0_blocksEventScanner run -------------------
2024-11-30T13:46:07,124|#|INFO|#|16688|#|task-2|#|com.taibiex.stakingservice.common.chain.contract.listener.impl.BlockEventListener.blocksEventScanner:202|#|Delay0_blocksEventScanner run block [1151,1161] 
2024-11-30T13:46:07,217|#|INFO|#|16688|#|task-3|#|com.taibiex.stakingservice.common.chain.contract.listener.impl.BlockEventListener.blocksEventScanner:194|#|Delay100_blocksEventScanner run -------------------
2024-11-30T13:46:07,217|#|INFO|#|16688|#|task-3|#|com.taibiex.stakingservice.common.chain.contract.listener.impl.BlockEventListener.blocksEventScanner:202|#|Delay100_blocksEventScanner run block [981,991] 
2024-11-30T13:46:07,241|#|INFO|#|16688|#|task-1|#|com.taibiex.stakingservice.common.chain.contract.listener.impl.BlockEventListener.filterEvents:228|#|Delay15_filterEvents size: 0
2024-11-30T13:46:07,356|#|INFO|#|16688|#|task-1|#|com.taibiex.stakingservice.common.chain.contract.listener.impl.BlockEventListener.blocksEventScanner:194|#|Delay15_blocksEventScanner run -------------------
2024-11-30T13:46:07,356|#|INFO|#|16688|#|task-1|#|com.taibiex.stakingservice.common.chain.contract.listener.impl.BlockEventListener.blocksEventScanner:202|#|Delay15_blocksEventScanner run block [1011,1021] 
2024-11-30T13:46:07,406|#|INFO|#|16688|#|task-2|#|com.taibiex.stakingservice.common.chain.contract.listener.impl.BlockEventListener.filterEvents:228|#|Delay0_filterEvents size: 0
2024-11-30T13:46:07,492|#|INFO|#|16688|#|task-3|#|com.taibiex.stakingservice.common.chain.contract.listener.impl.BlockEventListener.filterEvents:228|#|Delay100_filterEvents size: 0
2024-11-30T13:46:07,510|#|INFO|#|16688|#|task-2|#|com.taibiex.stakingservice.common.chain.contract.listener.impl.BlockEventListener.blocksEventScanner:194|#|Delay0_blocksEventScanner run -------------------
2024-11-30T13:46:07,510|#|INFO|#|16688|#|task-2|#|com.taibiex.stakingservice.common.chain.contract.listener.impl.BlockEventListener.blocksEventScanner:202|#|Delay0_blocksEventScanner run block [1161,1171] 
2024-11-30T13:46:07,602|#|INFO|#|16688|#|task-3|#|com.taibiex.stakingservice.common.chain.contract.listener.impl.BlockEventListener.blocksEventScanner:194|#|Delay100_blocksEventScanner run -------------------
2024-11-30T13:46:07,602|#|INFO|#|16688|#|task-3|#|com.taibiex.stakingservice.common.chain.contract.listener.impl.BlockEventListener.blocksEventScanner:202|#|Delay100_blocksEventScanner run block [991,1001] 
2024-11-30T13:46:07,611|#|INFO|#|16688|#|task-1|#|com.taibiex.stakingservice.common.chain.contract.listener.impl.BlockEventListener.filterEvents:228|#|Delay15_filterEvents size: 0
2024-11-30T13:46:07,726|#|INFO|#|16688|#|task-1|#|com.taibiex.stakingservice.common.chain.contract.listener.impl.BlockEventListener.blocksEventScanner:194|#|Delay15_blocksEventScanner run -------------------
2024-11-30T13:46:07,726|#|INFO|#|16688|#|task-1|#|com.taibiex.stakingservice.common.chain.contract.listener.impl.BlockEventListener.blocksEventScanner:202|#|Delay15_blocksEventScanner run block [1021,1031] 
2024-11-30T13:46:07,805|#|INFO|#|16688|#|task-2|#|com.taibiex.stakingservice.common.chain.contract.listener.impl.BlockEventListener.filterEvents:228|#|Delay0_filterEvents size: 0
2024-11-30T13:46:07,859|#|INFO|#|16688|#|task-3|#|com.taibiex.stakingservice.common.chain.contract.listener.impl.BlockEventListener.filterEvents:228|#|Delay100_filterEvents size: 0
2024-11-30T13:46:07,911|#|INFO|#|16688|#|task-2|#|com.taibiex.stakingservice.common.chain.contract.listener.impl.BlockEventListener.blocksEventScanner:194|#|Delay0_blocksEventScanner run -------------------
2024-11-30T13:46:07,911|#|INFO|#|16688|#|task-2|#|com.taibiex.stakingservice.common.chain.contract.listener.impl.BlockEventListener.blocksEventScanner:202|#|Delay0_blocksEventScanner run block [1171,1181] 
2024-11-30T13:46:07,972|#|INFO|#|16688|#|task-3|#|com.taibiex.stakingservice.common.chain.contract.listener.impl.BlockEventListener.blocksEventScanner:194|#|Delay100_blocksEventScanner run -------------------
2024-11-30T13:46:07,972|#|INFO|#|16688|#|task-3|#|com.taibiex.stakingservice.common.chain.contract.listener.impl.BlockEventListener.blocksEventScanner:202|#|Delay100_blocksEventScanner run block [1001,1011] 
2024-11-30T13:46:08,003|#|WARN|#|16688|#|task-5|#|com.taibiex.stakingservice.common.chain.contract.task.listener.TasksListener.scanBlockEventDelay15:70|#|Delay15区块链事件扫描任务 已经在执行,等待执行完成...
2024-11-30T13:46:08,023|#|INFO|#|16688|#|task-1|#|com.taibiex.stakingservice.common.chain.contract.listener.impl.BlockEventListener.filterEvents:228|#|Delay15_filterEvents size: 0
2024-11-30T13:46:08,127|#|INFO|#|16688|#|task-1|#|com.taibiex.stakingservice.common.chain.contract.listener.impl.BlockEventListener.blocksEventScanner:194|#|Delay15_blocksEventScanner run -------------------
2024-11-30T13:46:08,127|#|INFO|#|16688|#|task-1|#|com.taibiex.stakingservice.common.chain.contract.listener.impl.BlockEventListener.blocksEventScanner:202|#|Delay15_blocksEventScanner run block [1031,1041] 
2024-11-30T13:46:08,201|#|INFO|#|16688|#|task-2|#|com.taibiex.stakingservice.common.chain.contract.listener.impl.BlockEventListener.filterEvents:228|#|Delay0_filterEvents size: 0
2024-11-30T13:46:08,306|#|INFO|#|16688|#|task-2|#|com.taibiex.stakingservice.common.chain.contract.listener.impl.BlockEventListener.blocksEventScanner:194|#|Delay0_blocksEventScanner run -------------------
2024-11-30T13:46:08,306|#|INFO|#|16688|#|task-2|#|com.taibiex.stakingservice.common.chain.contract.listener.impl.BlockEventListener.blocksEventScanner:202|#|Delay0_blocksEventScanner run block [1181,1191] 
2024-11-30T13:46:08,454|#|INFO|#|16688|#|task-3|#|com.taibiex.stakingservice.common.chain.contract.listener.impl.BlockEventListener.filterEvents:228|#|Delay100_filterEvents size: 0
2024-11-30T13:46:08,455|#|INFO|#|16688|#|task-1|#|com.taibiex.stakingservice.common.chain.contract.listener.impl.BlockEventListener.filterEvents:228|#|Delay15_filterEvents size: 0
2024-11-30T13:46:08,558|#|INFO|#|16688|#|task-3|#|com.taibiex.stakingservice.common.chain.contract.listener.impl.BlockEventListener.blocksEventScanner:194|#|Delay100_blocksEventScanner run -------------------
2024-11-30T13:46:08,558|#|INFO|#|16688|#|task-3|#|com.taibiex.stakingservice.common.chain.contract.listener.impl.BlockEventListener.blocksEventScanner:202|#|Delay100_blocksEventScanner run block [1011,1021] 
2024-11-30T13:46:08,558|#|INFO|#|16688|#|task-1|#|com.taibiex.stakingservice.common.chain.contract.listener.impl.BlockEventListener.blocksEventScanner:194|#|Delay15_blocksEventScanner run -------------------
2024-11-30T13:46:08,558|#|INFO|#|16688|#|task-1|#|com.taibiex.stakingservice.common.chain.contract.listener.impl.BlockEventListener.blocksEventScanner:202|#|Delay15_blocksEventScanner run block [1041,1051] 
2024-11-30T13:46:08,592|#|INFO|#|16688|#|task-2|#|com.taibiex.stakingservice.common.chain.contract.listener.impl.BlockEventListener.filterEvents:228|#|Delay0_filterEvents size: 0
